{"C:\\Users\\Sasha\\Desktop\\Sasha\\IT-learn\\React2023Q1\\react-components\\src\\App.tsx": {"path":"C:\\Users\\Sasha\\Desktop\\Sasha\\IT-learn\\React2023Q1\\react-components\\src\\App.tsx","all":false,"statementMap":{"0":{"start":{"line":1,"column":0},"end":{"line":1,"column":26}},"1":{"start":{"line":2,"column":0},"end":{"line":2,"column":43}},"2":{"start":{"line":3,"column":0},"end":{"line":3,"column":52}},"3":{"start":{"line":4,"column":0},"end":{"line":4,"column":0}},"4":{"start":{"line":5,"column":0},"end":{"line":5,"column":35}},"5":{"start":{"line":6,"column":0},"end":{"line":6,"column":12}},"6":{"start":{"line":7,"column":0},"end":{"line":7,"column":12}},"7":{"start":{"line":8,"column":0},"end":{"line":8,"column":14}},"8":{"start":{"line":9,"column":0},"end":{"line":9,"column":21}},"9":{"start":{"line":10,"column":0},"end":{"line":10,"column":15}},"10":{"start":{"line":11,"column":0},"end":{"line":11,"column":6}},"11":{"start":{"line":12,"column":0},"end":{"line":12,"column":3}},"12":{"start":{"line":13,"column":0},"end":{"line":13,"column":1}},"13":{"start":{"line":14,"column":0},"end":{"line":14,"column":0}},"14":{"start":{"line":15,"column":0},"end":{"line":15,"column":19}}},"s":{"0":1,"1":1,"2":1,"3":1,"4":1,"5":1,"6":7,"7":7,"8":7,"9":7,"10":7,"11":7,"12":1,"13":1,"14":1},"branchMap":{"0":{"type":"branch","line":6,"loc":{"start":{"line":6,"column":2},"end":{"line":12,"column":3}},"locations":[{"start":{"line":6,"column":2},"end":{"line":12,"column":3}}]}},"b":{"0":[7]},"fnMap":{"0":{"name":"render","decl":{"start":{"line":6,"column":2},"end":{"line":12,"column":3}},"loc":{"start":{"line":6,"column":2},"end":{"line":12,"column":3}},"line":6}},"f":{"0":7}}
,"C:\\Users\\Sasha\\Desktop\\Sasha\\IT-learn\\React2023Q1\\react-components\\src\\API\\charsApi.ts": {"path":"C:\\Users\\Sasha\\Desktop\\Sasha\\IT-learn\\React2023Q1\\react-components\\src\\API\\charsApi.ts","all":false,"statementMap":{"0":{"start":{"line":1,"column":0},"end":{"line":1,"column":23}},"1":{"start":{"line":2,"column":0},"end":{"line":2,"column":48}},"2":{"start":{"line":3,"column":0},"end":{"line":3,"column":18}},"3":{"start":{"line":4,"column":0},"end":{"line":4,"column":34}},"4":{"start":{"line":5,"column":0},"end":{"line":5,"column":5}},"5":{"start":{"line":6,"column":0},"end":{"line":6,"column":15}},"6":{"start":{"line":7,"column":0},"end":{"line":7,"column":3}},"7":{"start":{"line":8,"column":0},"end":{"line":8,"column":0}},"8":{"start":{"line":9,"column":0},"end":{"line":9,"column":40}},"9":{"start":{"line":10,"column":0},"end":{"line":10,"column":33}},"10":{"start":{"line":11,"column":0},"end":{"line":11,"column":79}},"11":{"start":{"line":12,"column":0},"end":{"line":12,"column":48}},"12":{"start":{"line":13,"column":0},"end":{"line":13,"column":27}},"13":{"start":{"line":14,"column":0},"end":{"line":14,"column":3}},"14":{"start":{"line":15,"column":0},"end":{"line":15,"column":1}}},"s":{"0":1,"1":1,"2":7,"3":0,"4":0,"5":7,"6":7,"7":1,"8":1,"9":7,"10":7,"11":7,"12":7,"13":7,"14":7},"branchMap":{"0":{"type":"branch","line":2,"loc":{"start":{"line":2,"column":9},"end":{"line":7,"column":3}},"locations":[{"start":{"line":2,"column":9},"end":{"line":7,"column":3}}]},"1":{"type":"branch","line":3,"loc":{"start":{"line":3,"column":17},"end":{"line":5,"column":5}},"locations":[{"start":{"line":3,"column":17},"end":{"line":5,"column":5}}]},"2":{"type":"branch","line":9,"loc":{"start":{"line":9,"column":2},"end":{"line":14,"column":3}},"locations":[{"start":{"line":9,"column":2},"end":{"line":14,"column":3}}]},"3":{"type":"branch","line":11,"loc":{"start":{"line":11,"column":50},"end":{"line":11,"column":79}},"locations":[{"start":{"line":11,"column":50},"end":{"line":11,"column":79}}]},"4":{"type":"branch","line":12,"loc":{"start":{"line":12,"column":11},"end":{"line":12,"column":46}},"locations":[{"start":{"line":12,"column":11},"end":{"line":12,"column":46}}]},"5":{"type":"branch","line":15,"loc":{"start":{"line":15,"column":0},"end":{"line":15,"column":1}},"locations":[{"start":{"line":15,"column":0},"end":{"line":15,"column":1}}]}},"b":{"0":[7],"1":[0],"2":[7],"3":[0],"4":[7],"5":[7]},"fnMap":{"0":{"name":"errorHandler","decl":{"start":{"line":2,"column":9},"end":{"line":7,"column":3}},"loc":{"start":{"line":2,"column":9},"end":{"line":7,"column":3}},"line":2},"1":{"name":"getAll","decl":{"start":{"line":9,"column":2},"end":{"line":14,"column":3}},"loc":{"start":{"line":9,"column":2},"end":{"line":14,"column":3}},"line":9},"2":{"name":"get","decl":{"start":{"line":15,"column":0},"end":{"line":15,"column":1}},"loc":{"start":{"line":15,"column":0},"end":{"line":15,"column":1}},"line":15}},"f":{"0":7,"1":7,"2":7}}
,"C:\\Users\\Sasha\\Desktop\\Sasha\\IT-learn\\React2023Q1\\react-components\\src\\components\\Card\\Card.tsx": {"path":"C:\\Users\\Sasha\\Desktop\\Sasha\\IT-learn\\React2023Q1\\react-components\\src\\components\\Card\\Card.tsx","all":false,"statementMap":{"0":{"start":{"line":1,"column":0},"end":{"line":1,"column":40}},"1":{"start":{"line":2,"column":0},"end":{"line":2,"column":35}},"2":{"start":{"line":3,"column":0},"end":{"line":3,"column":40}},"3":{"start":{"line":4,"column":0},"end":{"line":4,"column":0}},"4":{"start":{"line":5,"column":0},"end":{"line":5,"column":51}},"5":{"start":{"line":6,"column":0},"end":{"line":6,"column":56}},"6":{"start":{"line":7,"column":0},"end":{"line":7,"column":0}},"7":{"start":{"line":8,"column":0},"end":{"line":8,"column":10}},"8":{"start":{"line":9,"column":0},"end":{"line":9,"column":20}},"9":{"start":{"line":10,"column":0},"end":{"line":10,"column":10}},"10":{"start":{"line":11,"column":0},"end":{"line":11,"column":38}},"11":{"start":{"line":12,"column":0},"end":{"line":12,"column":21}},"12":{"start":{"line":13,"column":0},"end":{"line":13,"column":26}},"13":{"start":{"line":14,"column":0},"end":{"line":14,"column":44}},"14":{"start":{"line":15,"column":0},"end":{"line":15,"column":7}},"15":{"start":{"line":16,"column":0},"end":{"line":16,"column":35}},"16":{"start":{"line":17,"column":0},"end":{"line":17,"column":51}},"17":{"start":{"line":18,"column":0},"end":{"line":18,"column":14}},"18":{"start":{"line":19,"column":0},"end":{"line":19,"column":35}},"19":{"start":{"line":20,"column":0},"end":{"line":20,"column":34}},"20":{"start":{"line":21,"column":0},"end":{"line":21,"column":14}},"21":{"start":{"line":22,"column":0},"end":{"line":22,"column":12}},"22":{"start":{"line":23,"column":0},"end":{"line":23,"column":81}},"23":{"start":{"line":24,"column":0},"end":{"line":24,"column":21}},"24":{"start":{"line":25,"column":0},"end":{"line":25,"column":4}},"25":{"start":{"line":26,"column":0},"end":{"line":26,"column":2}}},"s":{"0":1,"1":1,"2":1,"3":1,"4":1,"5":10,"6":10,"7":10,"8":10,"9":10,"10":10,"11":10,"12":10,"13":10,"14":10,"15":10,"16":10,"17":10,"18":10,"19":10,"20":10,"21":10,"22":10,"23":10,"24":10,"25":10},"branchMap":{"0":{"type":"branch","line":5,"loc":{"start":{"line":5,"column":20},"end":{"line":26,"column":2}},"locations":[{"start":{"line":5,"column":20},"end":{"line":26,"column":2}}]},"1":{"type":"branch","line":23,"loc":{"start":{"line":23,"column":7},"end":{"line":23,"column":81}},"locations":[{"start":{"line":23,"column":7},"end":{"line":23,"column":81}}]},"2":{"type":"branch","line":26,"loc":{"start":{"line":26,"column":0},"end":{"line":26,"column":2}},"locations":[{"start":{"line":26,"column":0},"end":{"line":26,"column":2}}]}},"b":{"0":[10],"1":[0],"2":[10]},"fnMap":{"0":{"name":"Card","decl":{"start":{"line":5,"column":20},"end":{"line":26,"column":2}},"loc":{"start":{"line":5,"column":20},"end":{"line":26,"column":2}},"line":5},"1":{"name":"onClick","decl":{"start":{"line":14,"column":17},"end":{"line":14,"column":44}},"loc":{"start":{"line":14,"column":17},"end":{"line":14,"column":44}},"line":14},"2":{"name":"cb","decl":{"start":{"line":23,"column":49},"end":{"line":23,"column":78}},"loc":{"start":{"line":23,"column":49},"end":{"line":23,"column":78}},"line":23},"3":{"name":"get","decl":{"start":{"line":26,"column":0},"end":{"line":26,"column":2}},"loc":{"start":{"line":26,"column":0},"end":{"line":26,"column":2}},"line":26}},"f":{"0":10,"1":0,"2":0,"3":10}}
,"C:\\Users\\Sasha\\Desktop\\Sasha\\IT-learn\\React2023Q1\\react-components\\src\\components\\Card\\CardList.tsx": {"path":"C:\\Users\\Sasha\\Desktop\\Sasha\\IT-learn\\React2023Q1\\react-components\\src\\components\\Card\\CardList.tsx","all":false,"statementMap":{"0":{"start":{"line":1,"column":0},"end":{"line":1,"column":26}},"1":{"start":{"line":2,"column":0},"end":{"line":2,"column":30}},"2":{"start":{"line":3,"column":0},"end":{"line":3,"column":35}},"3":{"start":{"line":4,"column":0},"end":{"line":4,"column":0}},"4":{"start":{"line":5,"column":0},"end":{"line":5,"column":59}},"5":{"start":{"line":6,"column":0},"end":{"line":6,"column":10}},"6":{"start":{"line":7,"column":0},"end":{"line":7,"column":29}},"7":{"start":{"line":8,"column":0},"end":{"line":8,"column":34}},"8":{"start":{"line":9,"column":0},"end":{"line":9,"column":42}},"9":{"start":{"line":10,"column":0},"end":{"line":10,"column":9}},"10":{"start":{"line":11,"column":0},"end":{"line":11,"column":10}},"11":{"start":{"line":12,"column":0},"end":{"line":12,"column":4}},"12":{"start":{"line":13,"column":0},"end":{"line":13,"column":2}}},"s":{"0":1,"1":1,"2":1,"3":1,"4":1,"5":13,"6":13,"7":13,"8":8,"9":13,"10":13,"11":13,"12":14},"branchMap":{"0":{"type":"branch","line":5,"loc":{"start":{"line":5,"column":24},"end":{"line":13,"column":2}},"locations":[{"start":{"line":5,"column":24},"end":{"line":13,"column":2}}]},"1":{"type":"branch","line":8,"loc":{"start":{"line":8,"column":17},"end":{"line":9,"column":42}},"locations":[{"start":{"line":8,"column":17},"end":{"line":9,"column":42}}]},"2":{"type":"branch","line":13,"loc":{"start":{"line":13,"column":0},"end":{"line":13,"column":2}},"locations":[{"start":{"line":13,"column":0},"end":{"line":13,"column":2}}]}},"b":{"0":[13],"1":[8],"2":[14]},"fnMap":{"0":{"name":"CardList","decl":{"start":{"line":5,"column":24},"end":{"line":13,"column":2}},"loc":{"start":{"line":5,"column":24},"end":{"line":13,"column":2}},"line":5},"1":{"name":"get","decl":{"start":{"line":13,"column":0},"end":{"line":13,"column":2}},"loc":{"start":{"line":13,"column":0},"end":{"line":13,"column":2}},"line":13}},"f":{"0":13,"1":14}}
,"C:\\Users\\Sasha\\Desktop\\Sasha\\IT-learn\\React2023Q1\\react-components\\src\\components\\Card\\CardModal.tsx": {"path":"C:\\Users\\Sasha\\Desktop\\Sasha\\IT-learn\\React2023Q1\\react-components\\src\\components\\Card\\CardModal.tsx","all":false,"statementMap":{"0":{"start":{"line":1,"column":0},"end":{"line":1,"column":26}},"1":{"start":{"line":2,"column":0},"end":{"line":2,"column":35}},"2":{"start":{"line":3,"column":0},"end":{"line":3,"column":37}},"3":{"start":{"line":4,"column":0},"end":{"line":4,"column":0}},"4":{"start":{"line":5,"column":0},"end":{"line":5,"column":76}},"5":{"start":{"line":6,"column":0},"end":{"line":6,"column":10}},"6":{"start":{"line":7,"column":0},"end":{"line":7,"column":45}},"7":{"start":{"line":8,"column":0},"end":{"line":8,"column":65}},"8":{"start":{"line":9,"column":0},"end":{"line":9,"column":35}},"9":{"start":{"line":10,"column":0},"end":{"line":10,"column":51}},"10":{"start":{"line":11,"column":0},"end":{"line":11,"column":14}},"11":{"start":{"line":12,"column":0},"end":{"line":12,"column":35}},"12":{"start":{"line":13,"column":0},"end":{"line":13,"column":27}},"13":{"start":{"line":14,"column":0},"end":{"line":14,"column":21}},"14":{"start":{"line":15,"column":0},"end":{"line":15,"column":14}},"15":{"start":{"line":16,"column":0},"end":{"line":16,"column":0}},"16":{"start":{"line":17,"column":0},"end":{"line":17,"column":35}},"17":{"start":{"line":18,"column":0},"end":{"line":18,"column":29}},"18":{"start":{"line":19,"column":0},"end":{"line":19,"column":23}},"19":{"start":{"line":20,"column":0},"end":{"line":20,"column":14}},"20":{"start":{"line":21,"column":0},"end":{"line":21,"column":35}},"21":{"start":{"line":22,"column":0},"end":{"line":22,"column":27}},"22":{"start":{"line":23,"column":0},"end":{"line":23,"column":21}},"23":{"start":{"line":24,"column":0},"end":{"line":24,"column":14}},"24":{"start":{"line":25,"column":0},"end":{"line":25,"column":35}},"25":{"start":{"line":26,"column":0},"end":{"line":26,"column":29}},"26":{"start":{"line":27,"column":0},"end":{"line":27,"column":23}},"27":{"start":{"line":28,"column":0},"end":{"line":28,"column":14}},"28":{"start":{"line":29,"column":0},"end":{"line":29,"column":35}},"29":{"start":{"line":30,"column":0},"end":{"line":30,"column":30}},"30":{"start":{"line":31,"column":0},"end":{"line":31,"column":24}},"31":{"start":{"line":32,"column":0},"end":{"line":32,"column":14}},"32":{"start":{"line":33,"column":0},"end":{"line":33,"column":50}},"33":{"start":{"line":34,"column":0},"end":{"line":34,"column":23}},"34":{"start":{"line":35,"column":0},"end":{"line":35,"column":14}},"35":{"start":{"line":36,"column":0},"end":{"line":36,"column":12}},"36":{"start":{"line":37,"column":0},"end":{"line":37,"column":10}},"37":{"start":{"line":38,"column":0},"end":{"line":38,"column":4}},"38":{"start":{"line":39,"column":0},"end":{"line":39,"column":2}}},"s":{"0":1,"1":1,"2":1,"3":1,"4":1,"5":6,"6":6,"7":6,"8":6,"9":6,"10":6,"11":6,"12":6,"13":6,"14":6,"15":6,"16":6,"17":6,"18":6,"19":6,"20":6,"21":6,"22":6,"23":6,"24":6,"25":6,"26":6,"27":6,"28":6,"29":6,"30":6,"31":6,"32":6,"33":6,"34":6,"35":6,"36":6,"37":6,"38":6},"branchMap":{"0":{"type":"branch","line":5,"loc":{"start":{"line":5,"column":25},"end":{"line":39,"column":2}},"locations":[{"start":{"line":5,"column":25},"end":{"line":39,"column":2}}]},"1":{"type":"branch","line":39,"loc":{"start":{"line":39,"column":0},"end":{"line":39,"column":2}},"locations":[{"start":{"line":39,"column":0},"end":{"line":39,"column":2}}]}},"b":{"0":[6],"1":[6]},"fnMap":{"0":{"name":"CardModal","decl":{"start":{"line":5,"column":25},"end":{"line":39,"column":2}},"loc":{"start":{"line":5,"column":25},"end":{"line":39,"column":2}},"line":5},"1":{"name":"onClick","decl":{"start":{"line":8,"column":37},"end":{"line":8,"column":65}},"loc":{"start":{"line":8,"column":37},"end":{"line":8,"column":65}},"line":8},"2":{"name":"get","decl":{"start":{"line":39,"column":0},"end":{"line":39,"column":2}},"loc":{"start":{"line":39,"column":0},"end":{"line":39,"column":2}},"line":39}},"f":{"0":6,"1":0,"2":6}}
,"C:\\Users\\Sasha\\Desktop\\Sasha\\IT-learn\\React2023Q1\\react-components\\src\\components\\Form\\Form.tsx": {"path":"C:\\Users\\Sasha\\Desktop\\Sasha\\IT-learn\\React2023Q1\\react-components\\src\\components\\Form\\Form.tsx","all":false,"statementMap":{"0":{"start":{"line":1,"column":0},"end":{"line":1,"column":51}},"1":{"start":{"line":2,"column":0},"end":{"line":2,"column":42}},"2":{"start":{"line":3,"column":0},"end":{"line":3,"column":59}},"3":{"start":{"line":4,"column":0},"end":{"line":4,"column":47}},"4":{"start":{"line":5,"column":0},"end":{"line":5,"column":42}},"5":{"start":{"line":6,"column":0},"end":{"line":6,"column":0}},"6":{"start":{"line":7,"column":0},"end":{"line":7,"column":67}},"7":{"start":{"line":8,"column":0},"end":{"line":8,"column":52}},"8":{"start":{"line":9,"column":0},"end":{"line":9,"column":0}},"9":{"start":{"line":10,"column":0},"end":{"line":10,"column":19}},"10":{"start":{"line":11,"column":0},"end":{"line":11,"column":20}},"11":{"start":{"line":12,"column":0},"end":{"line":12,"column":24}},"12":{"start":{"line":13,"column":0},"end":{"line":13,"column":28}},"13":{"start":{"line":14,"column":0},"end":{"line":14,"column":15}},"14":{"start":{"line":15,"column":0},"end":{"line":15,"column":5}},"15":{"start":{"line":16,"column":0},"end":{"line":16,"column":18}},"16":{"start":{"line":17,"column":0},"end":{"line":17,"column":0}},"17":{"start":{"line":18,"column":0},"end":{"line":18,"column":9}},"18":{"start":{"line":19,"column":0},"end":{"line":19,"column":13}},"19":{"start":{"line":20,"column":0},"end":{"line":20,"column":17}},"20":{"start":{"line":21,"column":0},"end":{"line":21,"column":10}},"21":{"start":{"line":22,"column":0},"end":{"line":22,"column":26}},"22":{"start":{"line":23,"column":0},"end":{"line":23,"column":23}},"23":{"start":{"line":24,"column":0},"end":{"line":24,"column":21}},"24":{"start":{"line":25,"column":0},"end":{"line":25,"column":31}},"25":{"start":{"line":26,"column":0},"end":{"line":26,"column":5}},"26":{"start":{"line":27,"column":0},"end":{"line":27,"column":0}},"27":{"start":{"line":28,"column":0},"end":{"line":28,"column":53}},"28":{"start":{"line":29,"column":0},"end":{"line":29,"column":75}},"29":{"start":{"line":30,"column":0},"end":{"line":30,"column":13}},"30":{"start":{"line":31,"column":0},"end":{"line":31,"column":23}},"31":{"start":{"line":32,"column":0},"end":{"line":32,"column":12}},"32":{"start":{"line":33,"column":0},"end":{"line":33,"column":4}},"33":{"start":{"line":34,"column":0},"end":{"line":34,"column":0}},"34":{"start":{"line":35,"column":0},"end":{"line":35,"column":30}},"35":{"start":{"line":36,"column":0},"end":{"line":36,"column":24}},"36":{"start":{"line":37,"column":0},"end":{"line":37,"column":4}},"37":{"start":{"line":38,"column":0},"end":{"line":38,"column":0}},"38":{"start":{"line":39,"column":0},"end":{"line":39,"column":10}},"39":{"start":{"line":40,"column":0},"end":{"line":40,"column":9}},"40":{"start":{"line":41,"column":0},"end":{"line":41,"column":38}},"41":{"start":{"line":42,"column":0},"end":{"line":42,"column":39}},"42":{"start":{"line":43,"column":0},"end":{"line":43,"column":29}},"43":{"start":{"line":44,"column":0},"end":{"line":44,"column":5}},"44":{"start":{"line":45,"column":0},"end":{"line":45,"column":12}},"45":{"start":{"line":46,"column":0},"end":{"line":46,"column":19}},"46":{"start":{"line":47,"column":0},"end":{"line":47,"column":76}},"47":{"start":{"line":48,"column":0},"end":{"line":48,"column":25}},"48":{"start":{"line":49,"column":0},"end":{"line":49,"column":98}},"49":{"start":{"line":50,"column":0},"end":{"line":50,"column":8}},"50":{"start":{"line":51,"column":0},"end":{"line":51,"column":27}},"51":{"start":{"line":52,"column":0},"end":{"line":52,"column":38}},"52":{"start":{"line":53,"column":0},"end":{"line":53,"column":97}},"53":{"start":{"line":54,"column":0},"end":{"line":54,"column":32}},"54":{"start":{"line":55,"column":0},"end":{"line":55,"column":15}},"55":{"start":{"line":56,"column":0},"end":{"line":56,"column":8}},"56":{"start":{"line":57,"column":0},"end":{"line":57,"column":0}},"57":{"start":{"line":58,"column":0},"end":{"line":58,"column":13}},"58":{"start":{"line":59,"column":0},"end":{"line":59,"column":21}},"59":{"start":{"line":60,"column":0},"end":{"line":60,"column":23}},"60":{"start":{"line":61,"column":0},"end":{"line":61,"column":69}},"61":{"start":{"line":62,"column":0},"end":{"line":62,"column":7}},"62":{"start":{"line":63,"column":0},"end":{"line":63,"column":59}},"63":{"start":{"line":64,"column":0},"end":{"line":64,"column":48}},"64":{"start":{"line":65,"column":0},"end":{"line":65,"column":48}},"65":{"start":{"line":66,"column":0},"end":{"line":66,"column":46}},"66":{"start":{"line":67,"column":0},"end":{"line":67,"column":15}},"67":{"start":{"line":68,"column":0},"end":{"line":68,"column":77}},"68":{"start":{"line":69,"column":0},"end":{"line":69,"column":0}},"69":{"start":{"line":70,"column":0},"end":{"line":70,"column":12}},"70":{"start":{"line":71,"column":0},"end":{"line":71,"column":19}},"71":{"start":{"line":72,"column":0},"end":{"line":72,"column":37}},"72":{"start":{"line":73,"column":0},"end":{"line":73,"column":25}},"73":{"start":{"line":74,"column":0},"end":{"line":74,"column":49}},"74":{"start":{"line":75,"column":0},"end":{"line":75,"column":8}},"75":{"start":{"line":76,"column":0},"end":{"line":76,"column":78}},"76":{"start":{"line":77,"column":0},"end":{"line":77,"column":0}},"77":{"start":{"line":78,"column":0},"end":{"line":78,"column":41}},"78":{"start":{"line":79,"column":0},"end":{"line":79,"column":92}},"79":{"start":{"line":80,"column":0},"end":{"line":80,"column":96}},"80":{"start":{"line":81,"column":0},"end":{"line":81,"column":12}},"81":{"start":{"line":82,"column":0},"end":{"line":82,"column":75}},"82":{"start":{"line":83,"column":0},"end":{"line":83,"column":0}},"83":{"start":{"line":84,"column":0},"end":{"line":84,"column":38}},"84":{"start":{"line":85,"column":0},"end":{"line":85,"column":89}},"85":{"start":{"line":86,"column":0},"end":{"line":86,"column":14}},"86":{"start":{"line":87,"column":0},"end":{"line":87,"column":84}},"87":{"start":{"line":88,"column":0},"end":{"line":88,"column":0}},"88":{"start":{"line":89,"column":0},"end":{"line":89,"column":13}},"89":{"start":{"line":90,"column":0},"end":{"line":90,"column":96}},"90":{"start":{"line":91,"column":0},"end":{"line":91,"column":52}},"91":{"start":{"line":92,"column":0},"end":{"line":92,"column":14}},"92":{"start":{"line":93,"column":0},"end":{"line":93,"column":28}},"93":{"start":{"line":94,"column":0},"end":{"line":94,"column":85}},"94":{"start":{"line":95,"column":0},"end":{"line":95,"column":8}},"95":{"start":{"line":96,"column":0},"end":{"line":96,"column":0}},"96":{"start":{"line":97,"column":0},"end":{"line":97,"column":85}},"97":{"start":{"line":98,"column":0},"end":{"line":98,"column":50}},"98":{"start":{"line":99,"column":0},"end":{"line":99,"column":14}},"99":{"start":{"line":100,"column":0},"end":{"line":100,"column":15}},"100":{"start":{"line":101,"column":0},"end":{"line":101,"column":11}},"101":{"start":{"line":102,"column":0},"end":{"line":102,"column":4}},"102":{"start":{"line":103,"column":0},"end":{"line":103,"column":2}}},"s":{"0":1,"1":1,"2":1,"3":1,"4":1,"5":1,"6":1,"7":8,"8":8,"9":8,"10":8,"11":0,"12":0,"13":0,"14":0,"15":8,"16":8,"17":8,"18":8,"19":8,"20":8,"21":8,"22":8,"23":8,"24":8,"25":8,"26":8,"27":8,"28":0,"29":0,"30":0,"31":0,"32":0,"33":8,"34":8,"35":0,"36":0,"37":8,"38":8,"39":8,"40":8,"41":8,"42":8,"43":8,"44":8,"45":8,"46":8,"47":8,"48":8,"49":8,"50":8,"51":0,"52":0,"53":0,"54":0,"55":8,"56":8,"57":8,"58":8,"59":8,"60":8,"61":8,"62":8,"63":8,"64":8,"65":8,"66":8,"67":8,"68":8,"69":8,"70":8,"71":8,"72":8,"73":8,"74":8,"75":8,"76":8,"77":8,"78":8,"79":8,"80":8,"81":8,"82":8,"83":8,"84":8,"85":8,"86":8,"87":8,"88":8,"89":8,"90":8,"91":8,"92":8,"93":0,"94":8,"95":8,"96":8,"97":8,"98":8,"99":8,"100":8,"101":8,"102":8},"branchMap":{"0":{"type":"branch","line":7,"loc":{"start":{"line":7,"column":20},"end":{"line":103,"column":2}},"locations":[{"start":{"line":7,"column":20},"end":{"line":103,"column":2}}]},"1":{"type":"branch","line":51,"loc":{"start":{"line":51,"column":14},"end":{"line":55,"column":15}},"locations":[{"start":{"line":51,"column":14},"end":{"line":55,"column":15}}]},"2":{"type":"branch","line":68,"loc":{"start":{"line":68,"column":14},"end":{"line":68,"column":77}},"locations":[{"start":{"line":68,"column":14},"end":{"line":68,"column":77}}]},"3":{"type":"branch","line":76,"loc":{"start":{"line":76,"column":14},"end":{"line":76,"column":78}},"locations":[{"start":{"line":76,"column":14},"end":{"line":76,"column":78}}]},"4":{"type":"branch","line":82,"loc":{"start":{"line":82,"column":14},"end":{"line":82,"column":75}},"locations":[{"start":{"line":82,"column":14},"end":{"line":82,"column":75}}]},"5":{"type":"branch","line":87,"loc":{"start":{"line":87,"column":14},"end":{"line":87,"column":84}},"locations":[{"start":{"line":87,"column":14},"end":{"line":87,"column":84}}]},"6":{"type":"branch","line":93,"loc":{"start":{"line":93,"column":14},"end":{"line":94,"column":85}},"locations":[{"start":{"line":93,"column":14},"end":{"line":94,"column":85}}]},"7":{"type":"branch","line":97,"loc":{"start":{"line":97,"column":7},"end":{"line":97,"column":85}},"locations":[{"start":{"line":97,"column":7},"end":{"line":97,"column":85}}]},"8":{"type":"branch","line":10,"loc":{"start":{"line":10,"column":12},"end":{"line":16,"column":5}},"locations":[{"start":{"line":10,"column":12},"end":{"line":16,"column":5}}]},"9":{"type":"branch","line":11,"loc":{"start":{"line":11,"column":19},"end":{"line":15,"column":5}},"locations":[{"start":{"line":11,"column":19},"end":{"line":15,"column":5}}]},"10":{"type":"branch","line":103,"loc":{"start":{"line":103,"column":0},"end":{"line":103,"column":2}},"locations":[{"start":{"line":103,"column":0},"end":{"line":103,"column":2}}]}},"b":{"0":[8],"1":[0],"2":[0],"3":[0],"4":[0],"5":[0],"6":[0],"7":[0],"8":[8],"9":[0],"10":[8]},"fnMap":{"0":{"name":"Form","decl":{"start":{"line":7,"column":20},"end":{"line":103,"column":2}},"loc":{"start":{"line":7,"column":20},"end":{"line":103,"column":2}},"line":7},"1":{"name":"onSubmit","decl":{"start":{"line":28,"column":42},"end":{"line":33,"column":4}},"loc":{"start":{"line":28,"column":42},"end":{"line":33,"column":4}},"line":28},"2":{"name":"handleChange","decl":{"start":{"line":35,"column":23},"end":{"line":37,"column":4}},"loc":{"start":{"line":35,"column":23},"end":{"line":37,"column":4}},"line":35},"3":{"name":"get","decl":{"start":{"line":103,"column":0},"end":{"line":103,"column":2}},"loc":{"start":{"line":103,"column":0},"end":{"line":103,"column":2}},"line":103}},"f":{"0":8,"1":0,"2":0,"3":8}}
,"C:\\Users\\Sasha\\Desktop\\Sasha\\IT-learn\\React2023Q1\\react-components\\src\\components\\Form\\FormResultCard.tsx": {"path":"C:\\Users\\Sasha\\Desktop\\Sasha\\IT-learn\\React2023Q1\\react-components\\src\\components\\Form\\FormResultCard.tsx","all":false,"statementMap":{"0":{"start":{"line":1,"column":0},"end":{"line":1,"column":26}},"1":{"start":{"line":2,"column":0},"end":{"line":2,"column":39}},"2":{"start":{"line":3,"column":0},"end":{"line":3,"column":0}},"3":{"start":{"line":4,"column":0},"end":{"line":4,"column":65}},"4":{"start":{"line":5,"column":0},"end":{"line":5,"column":58}},"5":{"start":{"line":6,"column":0},"end":{"line":6,"column":10}},"6":{"start":{"line":7,"column":0},"end":{"line":7,"column":31}},"7":{"start":{"line":8,"column":0},"end":{"line":8,"column":40}},"8":{"start":{"line":9,"column":0},"end":{"line":9,"column":56}},"9":{"start":{"line":10,"column":0},"end":{"line":10,"column":12}},"10":{"start":{"line":11,"column":0},"end":{"line":11,"column":42}},"11":{"start":{"line":12,"column":0},"end":{"line":12,"column":40}},"12":{"start":{"line":13,"column":0},"end":{"line":13,"column":59}},"13":{"start":{"line":14,"column":0},"end":{"line":14,"column":14}},"14":{"start":{"line":15,"column":0},"end":{"line":15,"column":40}},"15":{"start":{"line":16,"column":0},"end":{"line":16,"column":61}},"16":{"start":{"line":17,"column":0},"end":{"line":17,"column":14}},"17":{"start":{"line":18,"column":0},"end":{"line":18,"column":40}},"18":{"start":{"line":19,"column":0},"end":{"line":19,"column":55}},"19":{"start":{"line":20,"column":0},"end":{"line":20,"column":59}},"20":{"start":{"line":21,"column":0},"end":{"line":21,"column":14}},"21":{"start":{"line":22,"column":0},"end":{"line":22,"column":40}},"22":{"start":{"line":23,"column":0},"end":{"line":23,"column":48}},"23":{"start":{"line":24,"column":0},"end":{"line":24,"column":62}},"24":{"start":{"line":25,"column":0},"end":{"line":25,"column":16}},"25":{"start":{"line":26,"column":0},"end":{"line":26,"column":14}},"26":{"start":{"line":27,"column":0},"end":{"line":27,"column":12}},"27":{"start":{"line":28,"column":0},"end":{"line":28,"column":10}},"28":{"start":{"line":29,"column":0},"end":{"line":29,"column":4}},"29":{"start":{"line":30,"column":0},"end":{"line":30,"column":2}}},"s":{"0":1,"1":1,"2":1,"3":1,"4":5,"5":5,"6":5,"7":5,"8":5,"9":5,"10":5,"11":5,"12":5,"13":5,"14":5,"15":5,"16":5,"17":5,"18":5,"19":5,"20":5,"21":5,"22":5,"23":5,"24":5,"25":5,"26":5,"27":5,"28":5,"29":5},"branchMap":{"0":{"type":"branch","line":4,"loc":{"start":{"line":4,"column":30},"end":{"line":30,"column":2}},"locations":[{"start":{"line":4,"column":30},"end":{"line":30,"column":2}}]},"1":{"type":"branch","line":30,"loc":{"start":{"line":30,"column":0},"end":{"line":30,"column":2}},"locations":[{"start":{"line":30,"column":0},"end":{"line":30,"column":2}}]}},"b":{"0":[5],"1":[5]},"fnMap":{"0":{"name":"FormResultCard","decl":{"start":{"line":4,"column":30},"end":{"line":30,"column":2}},"loc":{"start":{"line":4,"column":30},"end":{"line":30,"column":2}},"line":4},"1":{"name":"get","decl":{"start":{"line":30,"column":0},"end":{"line":30,"column":2}},"loc":{"start":{"line":30,"column":0},"end":{"line":30,"column":2}},"line":30}},"f":{"0":5,"1":5}}
,"C:\\Users\\Sasha\\Desktop\\Sasha\\IT-learn\\React2023Q1\\react-components\\src\\components\\UI\\Loader.tsx": {"path":"C:\\Users\\Sasha\\Desktop\\Sasha\\IT-learn\\React2023Q1\\react-components\\src\\components\\UI\\Loader.tsx","all":false,"statementMap":{"0":{"start":{"line":1,"column":0},"end":{"line":1,"column":49}},"1":{"start":{"line":2,"column":0},"end":{"line":2,"column":26}},"2":{"start":{"line":3,"column":0},"end":{"line":3,"column":0}},"3":{"start":{"line":4,"column":0},"end":{"line":4,"column":29}},"4":{"start":{"line":5,"column":0},"end":{"line":5,"column":10}},"5":{"start":{"line":6,"column":0},"end":{"line":6,"column":28}},"6":{"start":{"line":7,"column":0},"end":{"line":7,"column":20}},"7":{"start":{"line":8,"column":0},"end":{"line":8,"column":10}},"8":{"start":{"line":9,"column":0},"end":{"line":9,"column":4}},"9":{"start":{"line":10,"column":0},"end":{"line":10,"column":2}}},"s":{"0":1,"1":1,"2":1,"3":1,"4":7,"5":7,"6":7,"7":7,"8":7,"9":7},"branchMap":{"0":{"type":"branch","line":4,"loc":{"start":{"line":4,"column":22},"end":{"line":10,"column":2}},"locations":[{"start":{"line":4,"column":22},"end":{"line":10,"column":2}}]},"1":{"type":"branch","line":10,"loc":{"start":{"line":10,"column":0},"end":{"line":10,"column":2}},"locations":[{"start":{"line":10,"column":0},"end":{"line":10,"column":2}}]}},"b":{"0":[7],"1":[7]},"fnMap":{"0":{"name":"Loader","decl":{"start":{"line":4,"column":22},"end":{"line":10,"column":2}},"loc":{"start":{"line":4,"column":22},"end":{"line":10,"column":2}},"line":4},"1":{"name":"get","decl":{"start":{"line":10,"column":0},"end":{"line":10,"column":2}},"loc":{"start":{"line":10,"column":0},"end":{"line":10,"column":2}},"line":10}},"f":{"0":7,"1":7}}
,"C:\\Users\\Sasha\\Desktop\\Sasha\\IT-learn\\React2023Q1\\react-components\\src\\components\\UI\\Search.tsx": {"path":"C:\\Users\\Sasha\\Desktop\\Sasha\\IT-learn\\React2023Q1\\react-components\\src\\components\\UI\\Search.tsx","all":false,"statementMap":{"0":{"start":{"line":1,"column":0},"end":{"line":1,"column":49}},"1":{"start":{"line":2,"column":0},"end":{"line":2,"column":59}},"2":{"start":{"line":3,"column":0},"end":{"line":3,"column":0}},"3":{"start":{"line":4,"column":0},"end":{"line":4,"column":68}},"4":{"start":{"line":5,"column":0},"end":{"line":5,"column":92}},"5":{"start":{"line":6,"column":0},"end":{"line":6,"column":32}},"6":{"start":{"line":7,"column":0},"end":{"line":7,"column":0}},"7":{"start":{"line":8,"column":0},"end":{"line":8,"column":19}},"8":{"start":{"line":9,"column":0},"end":{"line":9,"column":31}},"9":{"start":{"line":10,"column":0},"end":{"line":10,"column":20}},"10":{"start":{"line":11,"column":0},"end":{"line":11,"column":0}},"11":{"start":{"line":12,"column":0},"end":{"line":12,"column":19}},"12":{"start":{"line":13,"column":0},"end":{"line":13,"column":18}},"13":{"start":{"line":14,"column":0},"end":{"line":14,"column":62}},"14":{"start":{"line":15,"column":0},"end":{"line":15,"column":6}},"15":{"start":{"line":16,"column":0},"end":{"line":16,"column":9}},"16":{"start":{"line":17,"column":0},"end":{"line":17,"column":0}},"17":{"start":{"line":18,"column":0},"end":{"line":18,"column":73}},"18":{"start":{"line":19,"column":0},"end":{"line":19,"column":46}},"19":{"start":{"line":20,"column":0},"end":{"line":20,"column":4}},"20":{"start":{"line":21,"column":0},"end":{"line":21,"column":0}},"21":{"start":{"line":22,"column":0},"end":{"line":22,"column":53}},"22":{"start":{"line":23,"column":0},"end":{"line":23,"column":27}},"23":{"start":{"line":24,"column":0},"end":{"line":24,"column":27}},"24":{"start":{"line":25,"column":0},"end":{"line":25,"column":4}},"25":{"start":{"line":26,"column":0},"end":{"line":26,"column":0}},"26":{"start":{"line":27,"column":0},"end":{"line":27,"column":10}},"27":{"start":{"line":28,"column":0},"end":{"line":28,"column":54}},"28":{"start":{"line":29,"column":0},"end":{"line":29,"column":36}},"29":{"start":{"line":30,"column":0},"end":{"line":30,"column":22}},"30":{"start":{"line":31,"column":0},"end":{"line":31,"column":12}},"31":{"start":{"line":32,"column":0},"end":{"line":32,"column":12}},"32":{"start":{"line":33,"column":0},"end":{"line":33,"column":33}},"33":{"start":{"line":34,"column":0},"end":{"line":34,"column":21}},"34":{"start":{"line":35,"column":0},"end":{"line":35,"column":34}},"35":{"start":{"line":36,"column":0},"end":{"line":36,"column":58}},"36":{"start":{"line":37,"column":0},"end":{"line":37,"column":32}},"37":{"start":{"line":38,"column":0},"end":{"line":38,"column":27}},"38":{"start":{"line":39,"column":0},"end":{"line":39,"column":8}},"39":{"start":{"line":40,"column":0},"end":{"line":40,"column":11}},"40":{"start":{"line":41,"column":0},"end":{"line":41,"column":4}},"41":{"start":{"line":42,"column":0},"end":{"line":42,"column":2}}},"s":{"0":1,"1":1,"2":1,"3":1,"4":15,"5":15,"6":15,"7":15,"8":11,"9":15,"10":15,"11":15,"12":10,"13":10,"14":10,"15":15,"16":15,"17":15,"18":1,"19":1,"20":15,"21":15,"22":0,"23":0,"24":0,"25":15,"26":15,"27":15,"28":15,"29":15,"30":15,"31":15,"32":15,"33":15,"34":15,"35":15,"36":15,"37":15,"38":15,"39":15,"40":15,"41":15},"branchMap":{"0":{"type":"branch","line":4,"loc":{"start":{"line":4,"column":22},"end":{"line":42,"column":2}},"locations":[{"start":{"line":4,"column":22},"end":{"line":42,"column":2}}]},"1":{"type":"branch","line":8,"loc":{"start":{"line":8,"column":12},"end":{"line":10,"column":5}},"locations":[{"start":{"line":8,"column":12},"end":{"line":10,"column":5}}]},"2":{"type":"branch","line":12,"loc":{"start":{"line":12,"column":12},"end":{"line":16,"column":5}},"locations":[{"start":{"line":12,"column":12},"end":{"line":16,"column":5}}]},"3":{"type":"branch","line":13,"loc":{"start":{"line":13,"column":11},"end":{"line":15,"column":6}},"locations":[{"start":{"line":13,"column":11},"end":{"line":15,"column":6}}]},"4":{"type":"branch","line":14,"loc":{"start":{"line":14,"column":47},"end":{"line":14,"column":60}},"locations":[{"start":{"line":14,"column":47},"end":{"line":14,"column":60}}]},"5":{"type":"branch","line":18,"loc":{"start":{"line":18,"column":24},"end":{"line":20,"column":4}},"locations":[{"start":{"line":18,"column":24},"end":{"line":20,"column":4}}]},"6":{"type":"branch","line":42,"loc":{"start":{"line":42,"column":0},"end":{"line":42,"column":2}},"locations":[{"start":{"line":42,"column":0},"end":{"line":42,"column":2}}]}},"b":{"0":[15],"1":[11],"2":[10],"3":[10],"4":[9],"5":[1],"6":[15]},"fnMap":{"0":{"name":"Search","decl":{"start":{"line":4,"column":22},"end":{"line":42,"column":2}},"loc":{"start":{"line":4,"column":22},"end":{"line":42,"column":2}},"line":4},"1":{"name":"changeHandler","decl":{"start":{"line":18,"column":24},"end":{"line":20,"column":4}},"loc":{"start":{"line":18,"column":24},"end":{"line":20,"column":4}},"line":18},"2":{"name":"submitHandler","decl":{"start":{"line":22,"column":24},"end":{"line":25,"column":4}},"loc":{"start":{"line":22,"column":24},"end":{"line":25,"column":4}},"line":22},"3":{"name":"get","decl":{"start":{"line":42,"column":0},"end":{"line":42,"column":2}},"loc":{"start":{"line":42,"column":0},"end":{"line":42,"column":2}},"line":42}},"f":{"0":15,"1":1,"2":0,"3":15}}
,"C:\\Users\\Sasha\\Desktop\\Sasha\\IT-learn\\React2023Q1\\react-components\\src\\components\\icons\\CloseIcon.tsx": {"path":"C:\\Users\\Sasha\\Desktop\\Sasha\\IT-learn\\React2023Q1\\react-components\\src\\components\\icons\\CloseIcon.tsx","all":false,"statementMap":{"0":{"start":{"line":1,"column":0},"end":{"line":1,"column":26}},"1":{"start":{"line":2,"column":0},"end":{"line":2,"column":0}},"2":{"start":{"line":3,"column":0},"end":{"line":3,"column":32}},"3":{"start":{"line":4,"column":0},"end":{"line":4,"column":10}},"4":{"start":{"line":5,"column":0},"end":{"line":5,"column":8}},"5":{"start":{"line":6,"column":0},"end":{"line":6,"column":40}},"6":{"start":{"line":7,"column":0},"end":{"line":7,"column":16}},"7":{"start":{"line":8,"column":0},"end":{"line":8,"column":17}},"8":{"start":{"line":9,"column":0},"end":{"line":9,"column":25}},"9":{"start":{"line":10,"column":0},"end":{"line":10,"column":28}},"10":{"start":{"line":11,"column":0},"end":{"line":11,"column":25}},"11":{"start":{"line":12,"column":0},"end":{"line":12,"column":5}},"12":{"start":{"line":13,"column":0},"end":{"line":13,"column":235}},"13":{"start":{"line":14,"column":0},"end":{"line":14,"column":10}},"14":{"start":{"line":15,"column":0},"end":{"line":15,"column":4}},"15":{"start":{"line":16,"column":0},"end":{"line":16,"column":2}}},"s":{"0":1,"1":1,"2":1,"3":6,"4":6,"5":6,"6":6,"7":6,"8":6,"9":6,"10":6,"11":6,"12":6,"13":6,"14":6,"15":6},"branchMap":{"0":{"type":"branch","line":3,"loc":{"start":{"line":3,"column":25},"end":{"line":16,"column":2}},"locations":[{"start":{"line":3,"column":25},"end":{"line":16,"column":2}}]},"1":{"type":"branch","line":16,"loc":{"start":{"line":16,"column":0},"end":{"line":16,"column":2}},"locations":[{"start":{"line":16,"column":0},"end":{"line":16,"column":2}}]}},"b":{"0":[6],"1":[6]},"fnMap":{"0":{"name":"CloseIcon","decl":{"start":{"line":3,"column":25},"end":{"line":16,"column":2}},"loc":{"start":{"line":3,"column":25},"end":{"line":16,"column":2}},"line":3},"1":{"name":"get","decl":{"start":{"line":16,"column":0},"end":{"line":16,"column":2}},"loc":{"start":{"line":16,"column":0},"end":{"line":16,"column":2}},"line":16}},"f":{"0":6,"1":6}}
,"C:\\Users\\Sasha\\Desktop\\Sasha\\IT-learn\\React2023Q1\\react-components\\src\\components\\icons\\GalaxyIcon.tsx": {"path":"C:\\Users\\Sasha\\Desktop\\Sasha\\IT-learn\\React2023Q1\\react-components\\src\\components\\icons\\GalaxyIcon.tsx","all":false,"statementMap":{"0":{"start":{"line":1,"column":0},"end":{"line":1,"column":26}},"1":{"start":{"line":2,"column":0},"end":{"line":2,"column":0}},"2":{"start":{"line":3,"column":0},"end":{"line":3,"column":33}},"3":{"start":{"line":4,"column":0},"end":{"line":4,"column":10}},"4":{"start":{"line":5,"column":0},"end":{"line":5,"column":8}},"5":{"start":{"line":6,"column":0},"end":{"line":6,"column":18}},"6":{"start":{"line":7,"column":0},"end":{"line":7,"column":25}},"7":{"start":{"line":8,"column":0},"end":{"line":8,"column":40}},"8":{"start":{"line":9,"column":0},"end":{"line":9,"column":16}},"9":{"start":{"line":10,"column":0},"end":{"line":10,"column":17}},"10":{"start":{"line":11,"column":0},"end":{"line":11,"column":25}},"11":{"start":{"line":12,"column":0},"end":{"line":12,"column":20}},"12":{"start":{"line":13,"column":0},"end":{"line":13,"column":5}},"13":{"start":{"line":14,"column":0},"end":{"line":14,"column":27}},"14":{"start":{"line":15,"column":0},"end":{"line":15,"column":21}},"15":{"start":{"line":16,"column":0},"end":{"line":16,"column":2865}},"16":{"start":{"line":17,"column":0},"end":{"line":17,"column":10}},"17":{"start":{"line":18,"column":0},"end":{"line":18,"column":10}},"18":{"start":{"line":19,"column":0},"end":{"line":19,"column":4}},"19":{"start":{"line":20,"column":0},"end":{"line":20,"column":2}}},"s":{"0":1,"1":1,"2":1,"3":7,"4":7,"5":7,"6":7,"7":7,"8":7,"9":7,"10":7,"11":7,"12":7,"13":7,"14":7,"15":7,"16":7,"17":7,"18":7,"19":7},"branchMap":{"0":{"type":"branch","line":3,"loc":{"start":{"line":3,"column":26},"end":{"line":20,"column":2}},"locations":[{"start":{"line":3,"column":26},"end":{"line":20,"column":2}}]},"1":{"type":"branch","line":20,"loc":{"start":{"line":20,"column":0},"end":{"line":20,"column":2}},"locations":[{"start":{"line":20,"column":0},"end":{"line":20,"column":2}}]}},"b":{"0":[7],"1":[7]},"fnMap":{"0":{"name":"GalaxyIcon","decl":{"start":{"line":3,"column":26},"end":{"line":20,"column":2}},"loc":{"start":{"line":3,"column":26},"end":{"line":20,"column":2}},"line":3},"1":{"name":"get","decl":{"start":{"line":20,"column":0},"end":{"line":20,"column":2}},"loc":{"start":{"line":20,"column":0},"end":{"line":20,"column":2}},"line":20}},"f":{"0":7,"1":7}}
,"C:\\Users\\Sasha\\Desktop\\Sasha\\IT-learn\\React2023Q1\\react-components\\src\\components\\icons\\GitHubIcon.tsx": {"path":"C:\\Users\\Sasha\\Desktop\\Sasha\\IT-learn\\React2023Q1\\react-components\\src\\components\\icons\\GitHubIcon.tsx","all":false,"statementMap":{"0":{"start":{"line":1,"column":0},"end":{"line":1,"column":26}},"1":{"start":{"line":2,"column":0},"end":{"line":2,"column":0}},"2":{"start":{"line":3,"column":0},"end":{"line":3,"column":33}},"3":{"start":{"line":4,"column":0},"end":{"line":4,"column":10}},"4":{"start":{"line":5,"column":0},"end":{"line":5,"column":52}},"5":{"start":{"line":6,"column":0},"end":{"line":6,"column":11}},"6":{"start":{"line":7,"column":0},"end":{"line":7,"column":26}},"7":{"start":{"line":8,"column":0},"end":{"line":8,"column":27}},"8":{"start":{"line":9,"column":0},"end":{"line":9,"column":732}},"9":{"start":{"line":10,"column":0},"end":{"line":10,"column":26}},"10":{"start":{"line":11,"column":0},"end":{"line":11,"column":14}},"11":{"start":{"line":12,"column":0},"end":{"line":12,"column":10}},"12":{"start":{"line":13,"column":0},"end":{"line":13,"column":4}},"13":{"start":{"line":14,"column":0},"end":{"line":14,"column":2}}},"s":{"0":1,"1":1,"2":1,"3":7,"4":7,"5":7,"6":7,"7":7,"8":7,"9":7,"10":7,"11":7,"12":7,"13":7},"branchMap":{"0":{"type":"branch","line":3,"loc":{"start":{"line":3,"column":26},"end":{"line":14,"column":2}},"locations":[{"start":{"line":3,"column":26},"end":{"line":14,"column":2}}]},"1":{"type":"branch","line":14,"loc":{"start":{"line":14,"column":0},"end":{"line":14,"column":2}},"locations":[{"start":{"line":14,"column":0},"end":{"line":14,"column":2}}]}},"b":{"0":[7],"1":[7]},"fnMap":{"0":{"name":"GithubIcon","decl":{"start":{"line":3,"column":26},"end":{"line":14,"column":2}},"loc":{"start":{"line":3,"column":26},"end":{"line":14,"column":2}},"line":3},"1":{"name":"get","decl":{"start":{"line":14,"column":0},"end":{"line":14,"column":2}},"loc":{"start":{"line":14,"column":0},"end":{"line":14,"column":2}},"line":14}},"f":{"0":7,"1":7}}
,"C:\\Users\\Sasha\\Desktop\\Sasha\\IT-learn\\React2023Q1\\react-components\\src\\components\\icons\\RSIcon.tsx": {"path":"C:\\Users\\Sasha\\Desktop\\Sasha\\IT-learn\\React2023Q1\\react-components\\src\\components\\icons\\RSIcon.tsx","all":false,"statementMap":{"0":{"start":{"line":1,"column":0},"end":{"line":1,"column":26}},"1":{"start":{"line":2,"column":0},"end":{"line":2,"column":0}},"2":{"start":{"line":3,"column":0},"end":{"line":3,"column":29}},"3":{"start":{"line":4,"column":0},"end":{"line":4,"column":10}},"4":{"start":{"line":5,"column":0},"end":{"line":5,"column":8}},"5":{"start":{"line":6,"column":0},"end":{"line":6,"column":17}},"6":{"start":{"line":7,"column":0},"end":{"line":7,"column":17}},"7":{"start":{"line":8,"column":0},"end":{"line":8,"column":27}},"8":{"start":{"line":9,"column":0},"end":{"line":9,"column":17}},"9":{"start":{"line":10,"column":0},"end":{"line":10,"column":40}},"10":{"start":{"line":11,"column":0},"end":{"line":11,"column":5}},"11":{"start":{"line":12,"column":0},"end":{"line":12,"column":19}},"12":{"start":{"line":13,"column":0},"end":{"line":13,"column":11}},"13":{"start":{"line":14,"column":0},"end":{"line":14,"column":27}},"14":{"start":{"line":15,"column":0},"end":{"line":15,"column":97}},"15":{"start":{"line":16,"column":0},"end":{"line":16,"column":98}},"16":{"start":{"line":17,"column":0},"end":{"line":17,"column":100}},"17":{"start":{"line":18,"column":0},"end":{"line":18,"column":102}},"18":{"start":{"line":19,"column":0},"end":{"line":19,"column":101}},"19":{"start":{"line":20,"column":0},"end":{"line":20,"column":99}},"20":{"start":{"line":21,"column":0},"end":{"line":21,"column":103}},"21":{"start":{"line":22,"column":0},"end":{"line":22,"column":110}},"22":{"start":{"line":23,"column":0},"end":{"line":23,"column":108}},"23":{"start":{"line":24,"column":0},"end":{"line":24,"column":110}},"24":{"start":{"line":25,"column":0},"end":{"line":25,"column":101}},"25":{"start":{"line":26,"column":0},"end":{"line":26,"column":103}},"26":{"start":{"line":27,"column":0},"end":{"line":27,"column":104}},"27":{"start":{"line":28,"column":0},"end":{"line":28,"column":103}},"28":{"start":{"line":29,"column":0},"end":{"line":29,"column":41}},"29":{"start":{"line":30,"column":0},"end":{"line":30,"column":8}},"30":{"start":{"line":31,"column":0},"end":{"line":31,"column":11}},"31":{"start":{"line":32,"column":0},"end":{"line":32,"column":19}},"32":{"start":{"line":33,"column":0},"end":{"line":33,"column":94}},"33":{"start":{"line":34,"column":0},"end":{"line":34,"column":102}},"34":{"start":{"line":35,"column":0},"end":{"line":35,"column":114}},"35":{"start":{"line":36,"column":0},"end":{"line":36,"column":97}},"36":{"start":{"line":37,"column":0},"end":{"line":37,"column":104}},"37":{"start":{"line":38,"column":0},"end":{"line":38,"column":103}},"38":{"start":{"line":39,"column":0},"end":{"line":39,"column":96}},"39":{"start":{"line":40,"column":0},"end":{"line":40,"column":100}},"40":{"start":{"line":41,"column":0},"end":{"line":41,"column":101}},"41":{"start":{"line":42,"column":0},"end":{"line":42,"column":77}},"42":{"start":{"line":43,"column":0},"end":{"line":43,"column":8}},"43":{"start":{"line":44,"column":0},"end":{"line":44,"column":11}},"44":{"start":{"line":45,"column":0},"end":{"line":45,"column":19}},"45":{"start":{"line":46,"column":0},"end":{"line":46,"column":89}},"46":{"start":{"line":47,"column":0},"end":{"line":47,"column":78}},"47":{"start":{"line":48,"column":0},"end":{"line":48,"column":8}},"48":{"start":{"line":49,"column":0},"end":{"line":49,"column":11}},"49":{"start":{"line":50,"column":0},"end":{"line":50,"column":19}},"50":{"start":{"line":51,"column":0},"end":{"line":51,"column":89}},"51":{"start":{"line":52,"column":0},"end":{"line":52,"column":97}},"52":{"start":{"line":53,"column":0},"end":{"line":53,"column":104}},"53":{"start":{"line":54,"column":0},"end":{"line":54,"column":45}},"54":{"start":{"line":55,"column":0},"end":{"line":55,"column":8}},"55":{"start":{"line":56,"column":0},"end":{"line":56,"column":11}},"56":{"start":{"line":57,"column":0},"end":{"line":57,"column":19}},"57":{"start":{"line":58,"column":0},"end":{"line":58,"column":93}},"58":{"start":{"line":59,"column":0},"end":{"line":59,"column":123}},"59":{"start":{"line":60,"column":0},"end":{"line":60,"column":97}},"60":{"start":{"line":61,"column":0},"end":{"line":61,"column":102}},"61":{"start":{"line":62,"column":0},"end":{"line":62,"column":103}},"62":{"start":{"line":63,"column":0},"end":{"line":63,"column":116}},"63":{"start":{"line":64,"column":0},"end":{"line":64,"column":8}},"64":{"start":{"line":65,"column":0},"end":{"line":65,"column":11}},"65":{"start":{"line":66,"column":0},"end":{"line":66,"column":19}},"66":{"start":{"line":67,"column":0},"end":{"line":67,"column":88}},"67":{"start":{"line":68,"column":0},"end":{"line":68,"column":102}},"68":{"start":{"line":69,"column":0},"end":{"line":69,"column":127}},"69":{"start":{"line":70,"column":0},"end":{"line":70,"column":126}},"70":{"start":{"line":71,"column":0},"end":{"line":71,"column":104}},"71":{"start":{"line":72,"column":0},"end":{"line":72,"column":97}},"72":{"start":{"line":73,"column":0},"end":{"line":73,"column":79}},"73":{"start":{"line":74,"column":0},"end":{"line":74,"column":8}},"74":{"start":{"line":75,"column":0},"end":{"line":75,"column":11}},"75":{"start":{"line":76,"column":0},"end":{"line":76,"column":19}},"76":{"start":{"line":77,"column":0},"end":{"line":77,"column":89}},"77":{"start":{"line":78,"column":0},"end":{"line":78,"column":96}},"78":{"start":{"line":79,"column":0},"end":{"line":79,"column":102}},"79":{"start":{"line":80,"column":0},"end":{"line":80,"column":101}},"80":{"start":{"line":81,"column":0},"end":{"line":81,"column":102}},"81":{"start":{"line":82,"column":0},"end":{"line":82,"column":99}},"82":{"start":{"line":83,"column":0},"end":{"line":83,"column":47}},"83":{"start":{"line":84,"column":0},"end":{"line":84,"column":8}},"84":{"start":{"line":85,"column":0},"end":{"line":85,"column":11}},"85":{"start":{"line":86,"column":0},"end":{"line":86,"column":27}},"86":{"start":{"line":87,"column":0},"end":{"line":87,"column":93}},"87":{"start":{"line":88,"column":0},"end":{"line":88,"column":79}},"88":{"start":{"line":89,"column":0},"end":{"line":89,"column":8}},"89":{"start":{"line":90,"column":0},"end":{"line":90,"column":11}},"90":{"start":{"line":91,"column":0},"end":{"line":91,"column":19}},"91":{"start":{"line":92,"column":0},"end":{"line":92,"column":96}},"92":{"start":{"line":93,"column":0},"end":{"line":93,"column":77}},"93":{"start":{"line":94,"column":0},"end":{"line":94,"column":8}},"94":{"start":{"line":95,"column":0},"end":{"line":95,"column":11}},"95":{"start":{"line":96,"column":0},"end":{"line":96,"column":27}},"96":{"start":{"line":97,"column":0},"end":{"line":97,"column":88}},"97":{"start":{"line":98,"column":0},"end":{"line":98,"column":79}},"98":{"start":{"line":99,"column":0},"end":{"line":99,"column":8}},"99":{"start":{"line":100,"column":0},"end":{"line":100,"column":11}},"100":{"start":{"line":101,"column":0},"end":{"line":101,"column":19}},"101":{"start":{"line":102,"column":0},"end":{"line":102,"column":90}},"102":{"start":{"line":103,"column":0},"end":{"line":103,"column":103}},"103":{"start":{"line":104,"column":0},"end":{"line":104,"column":103}},"104":{"start":{"line":105,"column":0},"end":{"line":105,"column":77}},"105":{"start":{"line":106,"column":0},"end":{"line":106,"column":8}},"106":{"start":{"line":107,"column":0},"end":{"line":107,"column":11}},"107":{"start":{"line":108,"column":0},"end":{"line":108,"column":27}},"108":{"start":{"line":109,"column":0},"end":{"line":109,"column":90}},"109":{"start":{"line":110,"column":0},"end":{"line":110,"column":75}},"110":{"start":{"line":111,"column":0},"end":{"line":111,"column":8}},"111":{"start":{"line":112,"column":0},"end":{"line":112,"column":11}},"112":{"start":{"line":113,"column":0},"end":{"line":113,"column":19}},"113":{"start":{"line":114,"column":0},"end":{"line":114,"column":92}},"114":{"start":{"line":115,"column":0},"end":{"line":115,"column":104}},"115":{"start":{"line":116,"column":0},"end":{"line":116,"column":104}},"116":{"start":{"line":117,"column":0},"end":{"line":117,"column":106}},"117":{"start":{"line":118,"column":0},"end":{"line":118,"column":99}},"118":{"start":{"line":119,"column":0},"end":{"line":119,"column":79}},"119":{"start":{"line":120,"column":0},"end":{"line":120,"column":8}},"120":{"start":{"line":121,"column":0},"end":{"line":121,"column":11}},"121":{"start":{"line":122,"column":0},"end":{"line":122,"column":19}},"122":{"start":{"line":123,"column":0},"end":{"line":123,"column":90}},"123":{"start":{"line":124,"column":0},"end":{"line":124,"column":104}},"124":{"start":{"line":125,"column":0},"end":{"line":125,"column":44}},"125":{"start":{"line":126,"column":0},"end":{"line":126,"column":8}},"126":{"start":{"line":127,"column":0},"end":{"line":127,"column":11}},"127":{"start":{"line":128,"column":0},"end":{"line":128,"column":19}},"128":{"start":{"line":129,"column":0},"end":{"line":129,"column":92}},"129":{"start":{"line":130,"column":0},"end":{"line":130,"column":104}},"130":{"start":{"line":131,"column":0},"end":{"line":131,"column":103}},"131":{"start":{"line":132,"column":0},"end":{"line":132,"column":101}},"132":{"start":{"line":133,"column":0},"end":{"line":133,"column":103}},"133":{"start":{"line":134,"column":0},"end":{"line":134,"column":104}},"134":{"start":{"line":135,"column":0},"end":{"line":135,"column":79}},"135":{"start":{"line":136,"column":0},"end":{"line":136,"column":8}},"136":{"start":{"line":137,"column":0},"end":{"line":137,"column":11}},"137":{"start":{"line":138,"column":0},"end":{"line":138,"column":19}},"138":{"start":{"line":139,"column":0},"end":{"line":139,"column":86}},"139":{"start":{"line":140,"column":0},"end":{"line":140,"column":100}},"140":{"start":{"line":141,"column":0},"end":{"line":141,"column":126}},"141":{"start":{"line":142,"column":0},"end":{"line":142,"column":100}},"142":{"start":{"line":143,"column":0},"end":{"line":143,"column":106}},"143":{"start":{"line":144,"column":0},"end":{"line":144,"column":47}},"144":{"start":{"line":145,"column":0},"end":{"line":145,"column":8}},"145":{"start":{"line":146,"column":0},"end":{"line":146,"column":11}},"146":{"start":{"line":147,"column":0},"end":{"line":147,"column":19}},"147":{"start":{"line":148,"column":0},"end":{"line":148,"column":95}},"148":{"start":{"line":149,"column":0},"end":{"line":149,"column":103}},"149":{"start":{"line":150,"column":0},"end":{"line":150,"column":101}},"150":{"start":{"line":151,"column":0},"end":{"line":151,"column":105}},"151":{"start":{"line":152,"column":0},"end":{"line":152,"column":102}},"152":{"start":{"line":153,"column":0},"end":{"line":153,"column":102}},"153":{"start":{"line":154,"column":0},"end":{"line":154,"column":47}},"154":{"start":{"line":155,"column":0},"end":{"line":155,"column":8}},"155":{"start":{"line":156,"column":0},"end":{"line":156,"column":11}},"156":{"start":{"line":157,"column":0},"end":{"line":157,"column":19}},"157":{"start":{"line":158,"column":0},"end":{"line":158,"column":95}},"158":{"start":{"line":159,"column":0},"end":{"line":159,"column":101}},"159":{"start":{"line":160,"column":0},"end":{"line":160,"column":104}},"160":{"start":{"line":161,"column":0},"end":{"line":161,"column":47}},"161":{"start":{"line":162,"column":0},"end":{"line":162,"column":8}},"162":{"start":{"line":163,"column":0},"end":{"line":163,"column":11}},"163":{"start":{"line":164,"column":0},"end":{"line":164,"column":19}},"164":{"start":{"line":165,"column":0},"end":{"line":165,"column":96}},"165":{"start":{"line":166,"column":0},"end":{"line":166,"column":112}},"166":{"start":{"line":167,"column":0},"end":{"line":167,"column":8}},"167":{"start":{"line":168,"column":0},"end":{"line":168,"column":11}},"168":{"start":{"line":169,"column":0},"end":{"line":169,"column":19}},"169":{"start":{"line":170,"column":0},"end":{"line":170,"column":93}},"170":{"start":{"line":171,"column":0},"end":{"line":171,"column":104}},"171":{"start":{"line":172,"column":0},"end":{"line":172,"column":103}},"172":{"start":{"line":173,"column":0},"end":{"line":173,"column":44}},"173":{"start":{"line":174,"column":0},"end":{"line":174,"column":8}},"174":{"start":{"line":175,"column":0},"end":{"line":175,"column":11}},"175":{"start":{"line":176,"column":0},"end":{"line":176,"column":27}},"176":{"start":{"line":177,"column":0},"end":{"line":177,"column":94}},"177":{"start":{"line":178,"column":0},"end":{"line":178,"column":47}},"178":{"start":{"line":179,"column":0},"end":{"line":179,"column":8}},"179":{"start":{"line":180,"column":0},"end":{"line":180,"column":11}},"180":{"start":{"line":181,"column":0},"end":{"line":181,"column":27}},"181":{"start":{"line":182,"column":0},"end":{"line":182,"column":92}},"182":{"start":{"line":183,"column":0},"end":{"line":183,"column":78}},"183":{"start":{"line":184,"column":0},"end":{"line":184,"column":8}},"184":{"start":{"line":185,"column":0},"end":{"line":185,"column":10}},"185":{"start":{"line":186,"column":0},"end":{"line":186,"column":4}},"186":{"start":{"line":187,"column":0},"end":{"line":187,"column":2}}},"s":{"0":1,"1":1,"2":1,"3":7,"4":7,"5":7,"6":7,"7":7,"8":7,"9":7,"10":7,"11":7,"12":7,"13":7,"14":7,"15":7,"16":7,"17":7,"18":7,"19":7,"20":7,"21":7,"22":7,"23":7,"24":7,"25":7,"26":7,"27":7,"28":7,"29":7,"30":7,"31":7,"32":7,"33":7,"34":7,"35":7,"36":7,"37":7,"38":7,"39":7,"40":7,"41":7,"42":7,"43":7,"44":7,"45":7,"46":7,"47":7,"48":7,"49":7,"50":7,"51":7,"52":7,"53":7,"54":7,"55":7,"56":7,"57":7,"58":7,"59":7,"60":7,"61":7,"62":7,"63":7,"64":7,"65":7,"66":7,"67":7,"68":7,"69":7,"70":7,"71":7,"72":7,"73":7,"74":7,"75":7,"76":7,"77":7,"78":7,"79":7,"80":7,"81":7,"82":7,"83":7,"84":7,"85":7,"86":7,"87":7,"88":7,"89":7,"90":7,"91":7,"92":7,"93":7,"94":7,"95":7,"96":7,"97":7,"98":7,"99":7,"100":7,"101":7,"102":7,"103":7,"104":7,"105":7,"106":7,"107":7,"108":7,"109":7,"110":7,"111":7,"112":7,"113":7,"114":7,"115":7,"116":7,"117":7,"118":7,"119":7,"120":7,"121":7,"122":7,"123":7,"124":7,"125":7,"126":7,"127":7,"128":7,"129":7,"130":7,"131":7,"132":7,"133":7,"134":7,"135":7,"136":7,"137":7,"138":7,"139":7,"140":7,"141":7,"142":7,"143":7,"144":7,"145":7,"146":7,"147":7,"148":7,"149":7,"150":7,"151":7,"152":7,"153":7,"154":7,"155":7,"156":7,"157":7,"158":7,"159":7,"160":7,"161":7,"162":7,"163":7,"164":7,"165":7,"166":7,"167":7,"168":7,"169":7,"170":7,"171":7,"172":7,"173":7,"174":7,"175":7,"176":7,"177":7,"178":7,"179":7,"180":7,"181":7,"182":7,"183":7,"184":7,"185":7,"186":7},"branchMap":{"0":{"type":"branch","line":3,"loc":{"start":{"line":3,"column":22},"end":{"line":187,"column":2}},"locations":[{"start":{"line":3,"column":22},"end":{"line":187,"column":2}}]},"1":{"type":"branch","line":187,"loc":{"start":{"line":187,"column":0},"end":{"line":187,"column":2}},"locations":[{"start":{"line":187,"column":0},"end":{"line":187,"column":2}}]}},"b":{"0":[7],"1":[7]},"fnMap":{"0":{"name":"RSIcon","decl":{"start":{"line":3,"column":22},"end":{"line":187,"column":2}},"loc":{"start":{"line":3,"column":22},"end":{"line":187,"column":2}},"line":3},"1":{"name":"get","decl":{"start":{"line":187,"column":0},"end":{"line":187,"column":2}},"loc":{"start":{"line":187,"column":0},"end":{"line":187,"column":2}},"line":187}},"f":{"0":7,"1":7}}
,"C:\\Users\\Sasha\\Desktop\\Sasha\\IT-learn\\React2023Q1\\react-components\\src\\components\\icons\\SearchIcon.tsx": {"path":"C:\\Users\\Sasha\\Desktop\\Sasha\\IT-learn\\React2023Q1\\react-components\\src\\components\\icons\\SearchIcon.tsx","all":false,"statementMap":{"0":{"start":{"line":1,"column":0},"end":{"line":1,"column":26}},"1":{"start":{"line":2,"column":0},"end":{"line":2,"column":0}},"2":{"start":{"line":3,"column":0},"end":{"line":3,"column":33}},"3":{"start":{"line":4,"column":0},"end":{"line":4,"column":10}},"4":{"start":{"line":5,"column":0},"end":{"line":5,"column":8}},"5":{"start":{"line":6,"column":0},"end":{"line":6,"column":40}},"6":{"start":{"line":7,"column":0},"end":{"line":7,"column":16}},"7":{"start":{"line":8,"column":0},"end":{"line":8,"column":17}},"8":{"start":{"line":9,"column":0},"end":{"line":9,"column":25}},"9":{"start":{"line":10,"column":0},"end":{"line":10,"column":30}},"10":{"start":{"line":11,"column":0},"end":{"line":11,"column":25}},"11":{"start":{"line":12,"column":0},"end":{"line":12,"column":24}},"12":{"start":{"line":13,"column":0},"end":{"line":13,"column":5}},"13":{"start":{"line":14,"column":0},"end":{"line":14,"column":209}},"14":{"start":{"line":15,"column":0},"end":{"line":15,"column":10}},"15":{"start":{"line":16,"column":0},"end":{"line":16,"column":4}},"16":{"start":{"line":17,"column":0},"end":{"line":17,"column":2}}},"s":{"0":1,"1":1,"2":1,"3":15,"4":15,"5":15,"6":15,"7":15,"8":15,"9":15,"10":15,"11":15,"12":15,"13":15,"14":15,"15":15,"16":15},"branchMap":{"0":{"type":"branch","line":3,"loc":{"start":{"line":3,"column":26},"end":{"line":17,"column":2}},"locations":[{"start":{"line":3,"column":26},"end":{"line":17,"column":2}}]},"1":{"type":"branch","line":17,"loc":{"start":{"line":17,"column":0},"end":{"line":17,"column":2}},"locations":[{"start":{"line":17,"column":0},"end":{"line":17,"column":2}}]}},"b":{"0":[15],"1":[15]},"fnMap":{"0":{"name":"SearchIcon","decl":{"start":{"line":3,"column":26},"end":{"line":17,"column":2}},"loc":{"start":{"line":3,"column":26},"end":{"line":17,"column":2}},"line":3},"1":{"name":"get","decl":{"start":{"line":17,"column":0},"end":{"line":17,"column":2}},"loc":{"start":{"line":17,"column":0},"end":{"line":17,"column":2}},"line":17}},"f":{"0":15,"1":15}}
,"C:\\Users\\Sasha\\Desktop\\Sasha\\IT-learn\\React2023Q1\\react-components\\src\\components\\icons\\index.ts": {"path":"C:\\Users\\Sasha\\Desktop\\Sasha\\IT-learn\\React2023Q1\\react-components\\src\\components\\icons\\index.ts","all":false,"statementMap":{"0":{"start":{"line":1,"column":0},"end":{"line":1,"column":29}},"1":{"start":{"line":2,"column":0},"end":{"line":2,"column":25}},"2":{"start":{"line":3,"column":0},"end":{"line":3,"column":29}},"3":{"start":{"line":4,"column":0},"end":{"line":4,"column":28}}},"s":{"0":1,"1":1,"2":1,"3":1},"branchMap":{},"b":{},"fnMap":{},"f":{}}
,"C:\\Users\\Sasha\\Desktop\\Sasha\\IT-learn\\React2023Q1\\react-components\\src\\components\\layout\\Footer.tsx": {"path":"C:\\Users\\Sasha\\Desktop\\Sasha\\IT-learn\\React2023Q1\\react-components\\src\\components\\layout\\Footer.tsx","all":false,"statementMap":{"0":{"start":{"line":1,"column":0},"end":{"line":1,"column":26}},"1":{"start":{"line":2,"column":0},"end":{"line":2,"column":46}},"2":{"start":{"line":3,"column":0},"end":{"line":3,"column":0}},"3":{"start":{"line":4,"column":0},"end":{"line":4,"column":29}},"4":{"start":{"line":5,"column":0},"end":{"line":5,"column":10}},"5":{"start":{"line":6,"column":0},"end":{"line":6,"column":31}},"6":{"start":{"line":7,"column":0},"end":{"line":7,"column":41}},"7":{"start":{"line":8,"column":0},"end":{"line":8,"column":38}},"8":{"start":{"line":9,"column":0},"end":{"line":9,"column":78}},"9":{"start":{"line":10,"column":0},"end":{"line":10,"column":22}},"10":{"start":{"line":11,"column":0},"end":{"line":11,"column":14}},"11":{"start":{"line":12,"column":0},"end":{"line":12,"column":14}},"12":{"start":{"line":13,"column":0},"end":{"line":13,"column":48}},"13":{"start":{"line":14,"column":0},"end":{"line":14,"column":55}},"14":{"start":{"line":15,"column":0},"end":{"line":15,"column":84}},"15":{"start":{"line":16,"column":0},"end":{"line":16,"column":26}},"16":{"start":{"line":17,"column":0},"end":{"line":17,"column":14}},"17":{"start":{"line":18,"column":0},"end":{"line":18,"column":14}},"18":{"start":{"line":19,"column":0},"end":{"line":19,"column":12}},"19":{"start":{"line":20,"column":0},"end":{"line":20,"column":13}},"20":{"start":{"line":21,"column":0},"end":{"line":21,"column":4}},"21":{"start":{"line":22,"column":0},"end":{"line":22,"column":2}}},"s":{"0":1,"1":1,"2":1,"3":1,"4":7,"5":7,"6":7,"7":7,"8":7,"9":7,"10":7,"11":7,"12":7,"13":7,"14":7,"15":7,"16":7,"17":7,"18":7,"19":7,"20":7,"21":7},"branchMap":{"0":{"type":"branch","line":4,"loc":{"start":{"line":4,"column":22},"end":{"line":22,"column":2}},"locations":[{"start":{"line":4,"column":22},"end":{"line":22,"column":2}}]},"1":{"type":"branch","line":22,"loc":{"start":{"line":22,"column":0},"end":{"line":22,"column":2}},"locations":[{"start":{"line":22,"column":0},"end":{"line":22,"column":2}}]}},"b":{"0":[7],"1":[7]},"fnMap":{"0":{"name":"Footer","decl":{"start":{"line":4,"column":22},"end":{"line":22,"column":2}},"loc":{"start":{"line":4,"column":22},"end":{"line":22,"column":2}},"line":4},"1":{"name":"get","decl":{"start":{"line":22,"column":0},"end":{"line":22,"column":2}},"loc":{"start":{"line":22,"column":0},"end":{"line":22,"column":2}},"line":22}},"f":{"0":7,"1":7}}
,"C:\\Users\\Sasha\\Desktop\\Sasha\\IT-learn\\React2023Q1\\react-components\\src\\components\\layout\\Header.tsx": {"path":"C:\\Users\\Sasha\\Desktop\\Sasha\\IT-learn\\React2023Q1\\react-components\\src\\components\\layout\\Header.tsx","all":false,"statementMap":{"0":{"start":{"line":1,"column":0},"end":{"line":1,"column":26}},"1":{"start":{"line":2,"column":0},"end":{"line":2,"column":43}},"2":{"start":{"line":3,"column":0},"end":{"line":3,"column":0}},"3":{"start":{"line":4,"column":0},"end":{"line":4,"column":29}},"4":{"start":{"line":5,"column":0},"end":{"line":5,"column":10}},"5":{"start":{"line":6,"column":0},"end":{"line":6,"column":31}},"6":{"start":{"line":7,"column":0},"end":{"line":7,"column":46}},"7":{"start":{"line":8,"column":0},"end":{"line":8,"column":41}},"8":{"start":{"line":9,"column":0},"end":{"line":9,"column":57}},"9":{"start":{"line":10,"column":0},"end":{"line":10,"column":16}},"10":{"start":{"line":11,"column":0},"end":{"line":11,"column":20}},"11":{"start":{"line":12,"column":0},"end":{"line":12,"column":62}},"12":{"start":{"line":13,"column":0},"end":{"line":13,"column":20}},"13":{"start":{"line":14,"column":0},"end":{"line":14,"column":20}},"14":{"start":{"line":15,"column":0},"end":{"line":15,"column":61}},"15":{"start":{"line":16,"column":0},"end":{"line":16,"column":16}},"16":{"start":{"line":17,"column":0},"end":{"line":17,"column":20}},"17":{"start":{"line":18,"column":0},"end":{"line":18,"column":13}},"18":{"start":{"line":19,"column":0},"end":{"line":19,"column":12}},"19":{"start":{"line":20,"column":0},"end":{"line":20,"column":13}},"20":{"start":{"line":21,"column":0},"end":{"line":21,"column":4}},"21":{"start":{"line":22,"column":0},"end":{"line":22,"column":2}}},"s":{"0":1,"1":1,"2":1,"3":1,"4":7,"5":7,"6":7,"7":7,"8":7,"9":7,"10":7,"11":7,"12":7,"13":7,"14":7,"15":7,"16":7,"17":7,"18":7,"19":7,"20":7,"21":7},"branchMap":{"0":{"type":"branch","line":4,"loc":{"start":{"line":4,"column":22},"end":{"line":22,"column":2}},"locations":[{"start":{"line":4,"column":22},"end":{"line":22,"column":2}}]},"1":{"type":"branch","line":22,"loc":{"start":{"line":22,"column":0},"end":{"line":22,"column":2}},"locations":[{"start":{"line":22,"column":0},"end":{"line":22,"column":2}}]}},"b":{"0":[7],"1":[7]},"fnMap":{"0":{"name":"Header","decl":{"start":{"line":4,"column":22},"end":{"line":22,"column":2}},"loc":{"start":{"line":4,"column":22},"end":{"line":22,"column":2}},"line":4},"1":{"name":"get","decl":{"start":{"line":22,"column":0},"end":{"line":22,"column":2}},"loc":{"start":{"line":22,"column":0},"end":{"line":22,"column":2}},"line":22}},"f":{"0":7,"1":7}}
,"C:\\Users\\Sasha\\Desktop\\Sasha\\IT-learn\\React2023Q1\\react-components\\src\\components\\layout\\Layout.tsx": {"path":"C:\\Users\\Sasha\\Desktop\\Sasha\\IT-learn\\React2023Q1\\react-components\\src\\components\\layout\\Layout.tsx","all":false,"statementMap":{"0":{"start":{"line":1,"column":0},"end":{"line":1,"column":26}},"1":{"start":{"line":2,"column":0},"end":{"line":2,"column":34}},"2":{"start":{"line":3,"column":0},"end":{"line":3,"column":34}},"3":{"start":{"line":4,"column":0},"end":{"line":4,"column":0}},"4":{"start":{"line":5,"column":0},"end":{"line":5,"column":72}},"5":{"start":{"line":6,"column":0},"end":{"line":6,"column":10}},"6":{"start":{"line":7,"column":0},"end":{"line":7,"column":6}},"7":{"start":{"line":8,"column":0},"end":{"line":8,"column":16}},"8":{"start":{"line":9,"column":0},"end":{"line":9,"column":16}},"9":{"start":{"line":10,"column":0},"end":{"line":10,"column":16}},"10":{"start":{"line":11,"column":0},"end":{"line":11,"column":7}},"11":{"start":{"line":12,"column":0},"end":{"line":12,"column":4}},"12":{"start":{"line":13,"column":0},"end":{"line":13,"column":2}}},"s":{"0":1,"1":1,"2":1,"3":1,"4":1,"5":7,"6":7,"7":7,"8":7,"9":7,"10":7,"11":7,"12":7},"branchMap":{"0":{"type":"branch","line":5,"loc":{"start":{"line":5,"column":22},"end":{"line":13,"column":2}},"locations":[{"start":{"line":5,"column":22},"end":{"line":13,"column":2}}]},"1":{"type":"branch","line":13,"loc":{"start":{"line":13,"column":0},"end":{"line":13,"column":2}},"locations":[{"start":{"line":13,"column":0},"end":{"line":13,"column":2}}]}},"b":{"0":[7],"1":[7]},"fnMap":{"0":{"name":"Layout","decl":{"start":{"line":5,"column":22},"end":{"line":13,"column":2}},"loc":{"start":{"line":5,"column":22},"end":{"line":13,"column":2}},"line":5},"1":{"name":"get","decl":{"start":{"line":13,"column":0},"end":{"line":13,"column":2}},"loc":{"start":{"line":13,"column":0},"end":{"line":13,"column":2}},"line":13}},"f":{"0":7,"1":7}}
,"C:\\Users\\Sasha\\Desktop\\Sasha\\IT-learn\\React2023Q1\\react-components\\src\\pages\\AboutPage.tsx": {"path":"C:\\Users\\Sasha\\Desktop\\Sasha\\IT-learn\\React2023Q1\\react-components\\src\\pages\\AboutPage.tsx","all":false,"statementMap":{"0":{"start":{"line":1,"column":0},"end":{"line":1,"column":41}},"1":{"start":{"line":2,"column":0},"end":{"line":2,"column":0}},"2":{"start":{"line":3,"column":0},"end":{"line":3,"column":60}},"3":{"start":{"line":4,"column":0},"end":{"line":4,"column":19}},"4":{"start":{"line":5,"column":0},"end":{"line":5,"column":27}},"5":{"start":{"line":6,"column":0},"end":{"line":6,"column":14}},"6":{"start":{"line":7,"column":0},"end":{"line":7,"column":0}},"7":{"start":{"line":8,"column":0},"end":{"line":8,"column":10}},"8":{"start":{"line":9,"column":0},"end":{"line":9,"column":26}},"9":{"start":{"line":10,"column":0},"end":{"line":10,"column":25}},"10":{"start":{"line":11,"column":0},"end":{"line":11,"column":10}},"11":{"start":{"line":12,"column":0},"end":{"line":12,"column":4}},"12":{"start":{"line":13,"column":0},"end":{"line":13,"column":2}}},"s":{"0":1,"1":1,"2":1,"3":1,"4":1,"5":1,"6":1,"7":1,"8":1,"9":1,"10":1,"11":1,"12":7},"branchMap":{"0":{"type":"branch","line":3,"loc":{"start":{"line":3,"column":25},"end":{"line":13,"column":2}},"locations":[{"start":{"line":3,"column":25},"end":{"line":13,"column":2}}]},"1":{"type":"branch","line":4,"loc":{"start":{"line":4,"column":12},"end":{"line":6,"column":5}},"locations":[{"start":{"line":4,"column":12},"end":{"line":6,"column":5}}]},"2":{"type":"branch","line":13,"loc":{"start":{"line":13,"column":0},"end":{"line":13,"column":2}},"locations":[{"start":{"line":13,"column":0},"end":{"line":13,"column":2}}]}},"b":{"0":[1],"1":[1],"2":[7]},"fnMap":{"0":{"name":"AboutPage","decl":{"start":{"line":3,"column":25},"end":{"line":13,"column":2}},"loc":{"start":{"line":3,"column":25},"end":{"line":13,"column":2}},"line":3},"1":{"name":"get","decl":{"start":{"line":13,"column":0},"end":{"line":13,"column":2}},"loc":{"start":{"line":13,"column":0},"end":{"line":13,"column":2}},"line":13}},"f":{"0":1,"1":7}}
,"C:\\Users\\Sasha\\Desktop\\Sasha\\IT-learn\\React2023Q1\\react-components\\src\\pages\\FormPage.tsx": {"path":"C:\\Users\\Sasha\\Desktop\\Sasha\\IT-learn\\React2023Q1\\react-components\\src\\pages\\FormPage.tsx","all":false,"statementMap":{"0":{"start":{"line":1,"column":0},"end":{"line":1,"column":47}},"1":{"start":{"line":2,"column":0},"end":{"line":2,"column":44}},"2":{"start":{"line":3,"column":0},"end":{"line":3,"column":36}},"3":{"start":{"line":4,"column":0},"end":{"line":4,"column":67}},"4":{"start":{"line":5,"column":0},"end":{"line":5,"column":36}},"5":{"start":{"line":6,"column":0},"end":{"line":6,"column":0}},"6":{"start":{"line":7,"column":0},"end":{"line":7,"column":59}},"7":{"start":{"line":8,"column":0},"end":{"line":8,"column":53}},"8":{"start":{"line":9,"column":0},"end":{"line":9,"column":0}},"9":{"start":{"line":10,"column":0},"end":{"line":10,"column":19}},"10":{"start":{"line":11,"column":0},"end":{"line":11,"column":27}},"11":{"start":{"line":12,"column":0},"end":{"line":12,"column":14}},"12":{"start":{"line":13,"column":0},"end":{"line":13,"column":0}},"13":{"start":{"line":14,"column":0},"end":{"line":14,"column":45}},"14":{"start":{"line":15,"column":0},"end":{"line":15,"column":31}},"15":{"start":{"line":16,"column":0},"end":{"line":16,"column":4}},"16":{"start":{"line":17,"column":0},"end":{"line":17,"column":0}},"17":{"start":{"line":18,"column":0},"end":{"line":18,"column":10}},"18":{"start":{"line":19,"column":0},"end":{"line":19,"column":36}},"19":{"start":{"line":20,"column":0},"end":{"line":20,"column":34}},"20":{"start":{"line":21,"column":0},"end":{"line":21,"column":29}},"21":{"start":{"line":22,"column":0},"end":{"line":22,"column":56}},"22":{"start":{"line":23,"column":0},"end":{"line":23,"column":32}},"23":{"start":{"line":24,"column":0},"end":{"line":24,"column":57}},"24":{"start":{"line":25,"column":0},"end":{"line":25,"column":13}},"25":{"start":{"line":26,"column":0},"end":{"line":26,"column":14}},"26":{"start":{"line":27,"column":0},"end":{"line":27,"column":12}},"27":{"start":{"line":28,"column":0},"end":{"line":28,"column":10}},"28":{"start":{"line":29,"column":0},"end":{"line":29,"column":4}},"29":{"start":{"line":30,"column":0},"end":{"line":30,"column":2}}},"s":{"0":1,"1":1,"2":1,"3":1,"4":1,"5":1,"6":1,"7":1,"8":1,"9":1,"10":1,"11":1,"12":1,"13":1,"14":0,"15":0,"16":1,"17":1,"18":1,"19":1,"20":1,"21":1,"22":1,"23":0,"24":1,"25":1,"26":1,"27":1,"28":1,"29":7},"branchMap":{"0":{"type":"branch","line":7,"loc":{"start":{"line":7,"column":24},"end":{"line":30,"column":2}},"locations":[{"start":{"line":7,"column":24},"end":{"line":30,"column":2}}]},"1":{"type":"branch","line":10,"loc":{"start":{"line":10,"column":12},"end":{"line":12,"column":5}},"locations":[{"start":{"line":10,"column":12},"end":{"line":12,"column":5}}]},"2":{"type":"branch","line":30,"loc":{"start":{"line":30,"column":0},"end":{"line":30,"column":2}},"locations":[{"start":{"line":30,"column":0},"end":{"line":30,"column":2}}]}},"b":{"0":[1],"1":[1],"2":[7]},"fnMap":{"0":{"name":"FormPage","decl":{"start":{"line":7,"column":24},"end":{"line":30,"column":2}},"loc":{"start":{"line":7,"column":24},"end":{"line":30,"column":2}},"line":7},"1":{"name":"addCard","decl":{"start":{"line":14,"column":18},"end":{"line":16,"column":4}},"loc":{"start":{"line":14,"column":18},"end":{"line":16,"column":4}},"line":14},"2":{"name":"get","decl":{"start":{"line":30,"column":0},"end":{"line":30,"column":2}},"loc":{"start":{"line":30,"column":0},"end":{"line":30,"column":2}},"line":30}},"f":{"0":1,"1":0,"2":7}}
,"C:\\Users\\Sasha\\Desktop\\Sasha\\IT-learn\\React2023Q1\\react-components\\src\\pages\\MainPage.tsx": {"path":"C:\\Users\\Sasha\\Desktop\\Sasha\\IT-learn\\React2023Q1\\react-components\\src\\pages\\MainPage.tsx","all":false,"statementMap":{"0":{"start":{"line":1,"column":0},"end":{"line":1,"column":49}},"1":{"start":{"line":2,"column":0},"end":{"line":2,"column":44}},"2":{"start":{"line":3,"column":0},"end":{"line":3,"column":55}},"3":{"start":{"line":4,"column":0},"end":{"line":4,"column":43}},"4":{"start":{"line":5,"column":0},"end":{"line":5,"column":49}},"5":{"start":{"line":6,"column":0},"end":{"line":6,"column":0}},"6":{"start":{"line":7,"column":0},"end":{"line":7,"column":59}},"7":{"start":{"line":8,"column":0},"end":{"line":8,"column":41}},"8":{"start":{"line":9,"column":0},"end":{"line":9,"column":88}},"9":{"start":{"line":10,"column":0},"end":{"line":10,"column":51}},"10":{"start":{"line":11,"column":0},"end":{"line":11,"column":0}},"11":{"start":{"line":12,"column":0},"end":{"line":12,"column":19}},"12":{"start":{"line":13,"column":0},"end":{"line":13,"column":27}},"13":{"start":{"line":14,"column":0},"end":{"line":14,"column":14}},"14":{"start":{"line":15,"column":0},"end":{"line":15,"column":0}},"15":{"start":{"line":16,"column":0},"end":{"line":16,"column":19}},"16":{"start":{"line":17,"column":0},"end":{"line":17,"column":35}},"17":{"start":{"line":18,"column":0},"end":{"line":18,"column":25}},"18":{"start":{"line":19,"column":0},"end":{"line":19,"column":52}},"19":{"start":{"line":20,"column":0},"end":{"line":20,"column":29}},"20":{"start":{"line":21,"column":0},"end":{"line":21,"column":26}},"21":{"start":{"line":22,"column":0},"end":{"line":22,"column":6}},"22":{"start":{"line":23,"column":0},"end":{"line":23,"column":16}},"23":{"start":{"line":24,"column":0},"end":{"line":24,"column":18}},"24":{"start":{"line":25,"column":0},"end":{"line":25,"column":0}},"25":{"start":{"line":26,"column":0},"end":{"line":26,"column":39}},"26":{"start":{"line":27,"column":0},"end":{"line":27,"column":24}},"27":{"start":{"line":28,"column":0},"end":{"line":28,"column":4}},"28":{"start":{"line":29,"column":0},"end":{"line":29,"column":0}},"29":{"start":{"line":30,"column":0},"end":{"line":30,"column":10}},"30":{"start":{"line":31,"column":0},"end":{"line":31,"column":31}},"31":{"start":{"line":32,"column":0},"end":{"line":32,"column":36}},"32":{"start":{"line":33,"column":0},"end":{"line":33,"column":32}},"33":{"start":{"line":34,"column":0},"end":{"line":34,"column":12}},"34":{"start":{"line":35,"column":0},"end":{"line":35,"column":37}},"35":{"start":{"line":36,"column":0},"end":{"line":36,"column":33}},"36":{"start":{"line":37,"column":0},"end":{"line":37,"column":76}},"37":{"start":{"line":38,"column":0},"end":{"line":38,"column":12}},"38":{"start":{"line":39,"column":0},"end":{"line":39,"column":10}},"39":{"start":{"line":40,"column":0},"end":{"line":40,"column":4}},"40":{"start":{"line":41,"column":0},"end":{"line":41,"column":2}}},"s":{"0":1,"1":1,"2":1,"3":1,"4":1,"5":1,"6":1,"7":12,"8":12,"9":12,"10":12,"11":12,"12":7,"13":12,"14":12,"15":12,"16":7,"17":7,"18":7,"19":7,"20":7,"21":7,"22":7,"23":12,"24":12,"25":12,"26":0,"27":0,"28":12,"29":12,"30":12,"31":12,"32":12,"33":12,"34":12,"35":12,"36":12,"37":12,"38":12,"39":12,"40":8},"branchMap":{"0":{"type":"branch","line":7,"loc":{"start":{"line":7,"column":24},"end":{"line":41,"column":2}},"locations":[{"start":{"line":7,"column":24},"end":{"line":41,"column":2}}]},"1":{"type":"branch","line":36,"loc":{"start":{"line":36,"column":9},"end":{"line":36,"column":33}},"locations":[{"start":{"line":36,"column":9},"end":{"line":36,"column":33}}]},"2":{"type":"branch","line":37,"loc":{"start":{"line":37,"column":41},"end":{"line":37,"column":76}},"locations":[{"start":{"line":37,"column":41},"end":{"line":37,"column":76}}]},"3":{"type":"branch","line":12,"loc":{"start":{"line":12,"column":12},"end":{"line":14,"column":5}},"locations":[{"start":{"line":12,"column":12},"end":{"line":14,"column":5}}]},"4":{"type":"branch","line":16,"loc":{"start":{"line":16,"column":12},"end":{"line":24,"column":5}},"locations":[{"start":{"line":16,"column":12},"end":{"line":24,"column":5}}]},"5":{"type":"branch","line":17,"loc":{"start":{"line":17,"column":22},"end":{"line":22,"column":6}},"locations":[{"start":{"line":17,"column":22},"end":{"line":22,"column":6}}]},"6":{"type":"branch","line":41,"loc":{"start":{"line":41,"column":0},"end":{"line":41,"column":2}},"locations":[{"start":{"line":41,"column":0},"end":{"line":41,"column":2}}]}},"b":{"0":[12],"1":[7],"2":[0],"3":[7],"4":[7],"5":[7],"6":[8]},"fnMap":{"0":{"name":"MainPage","decl":{"start":{"line":7,"column":24},"end":{"line":41,"column":2}},"loc":{"start":{"line":7,"column":24},"end":{"line":41,"column":2}},"line":7},"1":{"name":"fetchData","decl":{"start":{"line":17,"column":22},"end":{"line":22,"column":6}},"loc":{"start":{"line":17,"column":22},"end":{"line":22,"column":6}},"line":17},"2":{"name":"goSearch","decl":{"start":{"line":26,"column":19},"end":{"line":28,"column":4}},"loc":{"start":{"line":26,"column":19},"end":{"line":28,"column":4}},"line":26},"3":{"name":"get","decl":{"start":{"line":41,"column":0},"end":{"line":41,"column":2}},"loc":{"start":{"line":41,"column":0},"end":{"line":41,"column":2}},"line":41}},"f":{"0":12,"1":7,"2":0,"3":8}}
,"C:\\Users\\Sasha\\Desktop\\Sasha\\IT-learn\\React2023Q1\\react-components\\src\\pages\\Page404.tsx": {"path":"C:\\Users\\Sasha\\Desktop\\Sasha\\IT-learn\\React2023Q1\\react-components\\src\\pages\\Page404.tsx","all":false,"statementMap":{"0":{"start":{"line":1,"column":0},"end":{"line":1,"column":41}},"1":{"start":{"line":2,"column":0},"end":{"line":2,"column":0}},"2":{"start":{"line":3,"column":0},"end":{"line":3,"column":58}},"3":{"start":{"line":4,"column":0},"end":{"line":4,"column":19}},"4":{"start":{"line":5,"column":0},"end":{"line":5,"column":27}},"5":{"start":{"line":6,"column":0},"end":{"line":6,"column":14}},"6":{"start":{"line":7,"column":0},"end":{"line":7,"column":0}},"7":{"start":{"line":8,"column":0},"end":{"line":8,"column":10}},"8":{"start":{"line":9,"column":0},"end":{"line":9,"column":35}},"9":{"start":{"line":10,"column":0},"end":{"line":10,"column":18}},"10":{"start":{"line":11,"column":0},"end":{"line":11,"column":29}},"11":{"start":{"line":12,"column":0},"end":{"line":12,"column":31}},"12":{"start":{"line":13,"column":0},"end":{"line":13,"column":34}},"13":{"start":{"line":14,"column":0},"end":{"line":14,"column":10}},"14":{"start":{"line":15,"column":0},"end":{"line":15,"column":4}},"15":{"start":{"line":16,"column":0},"end":{"line":16,"column":2}}},"s":{"0":1,"1":1,"2":1,"3":1,"4":1,"5":1,"6":1,"7":1,"8":1,"9":1,"10":1,"11":1,"12":1,"13":1,"14":1,"15":7},"branchMap":{"0":{"type":"branch","line":3,"loc":{"start":{"line":3,"column":23},"end":{"line":16,"column":2}},"locations":[{"start":{"line":3,"column":23},"end":{"line":16,"column":2}}]},"1":{"type":"branch","line":4,"loc":{"start":{"line":4,"column":12},"end":{"line":6,"column":5}},"locations":[{"start":{"line":4,"column":12},"end":{"line":6,"column":5}}]},"2":{"type":"branch","line":16,"loc":{"start":{"line":16,"column":0},"end":{"line":16,"column":2}},"locations":[{"start":{"line":16,"column":0},"end":{"line":16,"column":2}}]}},"b":{"0":[1],"1":[1],"2":[7]},"fnMap":{"0":{"name":"Page404","decl":{"start":{"line":3,"column":23},"end":{"line":16,"column":2}},"loc":{"start":{"line":3,"column":23},"end":{"line":16,"column":2}},"line":3},"1":{"name":"get","decl":{"start":{"line":16,"column":0},"end":{"line":16,"column":2}},"loc":{"start":{"line":16,"column":0},"end":{"line":16,"column":2}},"line":16}},"f":{"0":1,"1":7}}
,"C:\\Users\\Sasha\\Desktop\\Sasha\\IT-learn\\React2023Q1\\react-components\\src\\pages\\index.ts": {"path":"C:\\Users\\Sasha\\Desktop\\Sasha\\IT-learn\\React2023Q1\\react-components\\src\\pages\\index.ts","all":false,"statementMap":{"0":{"start":{"line":1,"column":0},"end":{"line":1,"column":27}},"1":{"start":{"line":2,"column":0},"end":{"line":2,"column":28}},"2":{"start":{"line":3,"column":0},"end":{"line":3,"column":27}},"3":{"start":{"line":4,"column":0},"end":{"line":4,"column":26}}},"s":{"0":1,"1":1,"2":1,"3":1},"branchMap":{},"b":{},"fnMap":{},"f":{}}
,"C:\\Users\\Sasha\\Desktop\\Sasha\\IT-learn\\React2023Q1\\react-components\\src\\router\\AppRouter.tsx": {"path":"C:\\Users\\Sasha\\Desktop\\Sasha\\IT-learn\\React2023Q1\\react-components\\src\\router\\AppRouter.tsx","all":false,"statementMap":{"0":{"start":{"line":1,"column":0},"end":{"line":1,"column":26}},"1":{"start":{"line":2,"column":0},"end":{"line":2,"column":49}},"2":{"start":{"line":3,"column":0},"end":{"line":3,"column":34}},"3":{"start":{"line":4,"column":0},"end":{"line":4,"column":0}},"4":{"start":{"line":5,"column":0},"end":{"line":5,"column":41}},"5":{"start":{"line":6,"column":0},"end":{"line":6,"column":12}},"6":{"start":{"line":7,"column":0},"end":{"line":7,"column":12}},"7":{"start":{"line":8,"column":0},"end":{"line":8,"column":14}},"8":{"start":{"line":9,"column":0},"end":{"line":9,"column":79}},"9":{"start":{"line":10,"column":0},"end":{"line":10,"column":86}},"10":{"start":{"line":11,"column":0},"end":{"line":11,"column":78}},"11":{"start":{"line":12,"column":0},"end":{"line":12,"column":83}},"12":{"start":{"line":13,"column":0},"end":{"line":13,"column":15}},"13":{"start":{"line":14,"column":0},"end":{"line":14,"column":6}},"14":{"start":{"line":15,"column":0},"end":{"line":15,"column":3}},"15":{"start":{"line":16,"column":0},"end":{"line":16,"column":1}},"16":{"start":{"line":17,"column":0},"end":{"line":17,"column":0}},"17":{"start":{"line":18,"column":0},"end":{"line":18,"column":25}}},"s":{"0":1,"1":1,"2":1,"3":1,"4":1,"5":1,"6":7,"7":7,"8":7,"9":7,"10":7,"11":7,"12":7,"13":7,"14":7,"15":1,"16":1,"17":1},"branchMap":{"0":{"type":"branch","line":6,"loc":{"start":{"line":6,"column":2},"end":{"line":15,"column":3}},"locations":[{"start":{"line":6,"column":2},"end":{"line":15,"column":3}}]}},"b":{"0":[7]},"fnMap":{"0":{"name":"render","decl":{"start":{"line":6,"column":2},"end":{"line":15,"column":3}},"loc":{"start":{"line":6,"column":2},"end":{"line":15,"column":3}},"line":6}},"f":{"0":7}}
,"C:\\Users\\Sasha\\Desktop\\Sasha\\IT-learn\\React2023Q1\\react-components\\src\\utils\\index.ts": {"path":"C:\\Users\\Sasha\\Desktop\\Sasha\\IT-learn\\React2023Q1\\react-components\\src\\utils\\index.ts","all":false,"statementMap":{"0":{"start":{"line":1,"column":0},"end":{"line":1,"column":57}},"1":{"start":{"line":2,"column":0},"end":{"line":2,"column":60}},"2":{"start":{"line":3,"column":0},"end":{"line":3,"column":10}},"3":{"start":{"line":4,"column":0},"end":{"line":4,"column":83}},"4":{"start":{"line":5,"column":0},"end":{"line":5,"column":22}},"5":{"start":{"line":6,"column":0},"end":{"line":6,"column":4}},"6":{"start":{"line":7,"column":0},"end":{"line":7,"column":2}},"7":{"start":{"line":8,"column":0},"end":{"line":8,"column":0}},"8":{"start":{"line":9,"column":0},"end":{"line":9,"column":57}},"9":{"start":{"line":10,"column":0},"end":{"line":10,"column":33}},"10":{"start":{"line":11,"column":0},"end":{"line":11,"column":38}},"11":{"start":{"line":12,"column":0},"end":{"line":12,"column":2}},"12":{"start":{"line":13,"column":0},"end":{"line":13,"column":0}},"13":{"start":{"line":14,"column":0},"end":{"line":14,"column":52}},"14":{"start":{"line":15,"column":0},"end":{"line":15,"column":47}},"15":{"start":{"line":16,"column":0},"end":{"line":16,"column":2}}},"s":{"0":1,"1":7,"2":7,"3":7,"4":2,"5":7,"6":7,"7":1,"8":1,"9":3,"10":3,"11":3,"12":1,"13":1,"14":0,"15":0},"branchMap":{"0":{"type":"branch","line":1,"loc":{"start":{"line":1,"column":56},"end":{"line":7,"column":2}},"locations":[{"start":{"line":1,"column":56},"end":{"line":7,"column":2}}]},"1":{"type":"branch","line":4,"loc":{"start":{"line":4,"column":79},"end":{"line":5,"column":22}},"locations":[{"start":{"line":4,"column":79},"end":{"line":5,"column":22}}]},"2":{"type":"branch","line":2,"loc":{"start":{"line":2,"column":37},"end":{"line":2,"column":58}},"locations":[{"start":{"line":2,"column":37},"end":{"line":2,"column":58}}]},"3":{"type":"branch","line":4,"loc":{"start":{"line":4,"column":16},"end":{"line":4,"column":79}},"locations":[{"start":{"line":4,"column":16},"end":{"line":4,"column":79}}]},"4":{"type":"branch","line":4,"loc":{"start":{"line":4,"column":41},"end":{"line":4,"column":79}},"locations":[{"start":{"line":4,"column":41},"end":{"line":4,"column":79}}]},"5":{"type":"branch","line":7,"loc":{"start":{"line":7,"column":0},"end":{"line":7,"column":2}},"locations":[{"start":{"line":7,"column":0},"end":{"line":7,"column":2}}]},"6":{"type":"branch","line":9,"loc":{"start":{"line":9,"column":28},"end":{"line":12,"column":2}},"locations":[{"start":{"line":9,"column":28},"end":{"line":12,"column":2}}]},"7":{"type":"branch","line":11,"loc":{"start":{"line":11,"column":11},"end":{"line":11,"column":38}},"locations":[{"start":{"line":11,"column":11},"end":{"line":11,"column":38}}]},"8":{"type":"branch","line":12,"loc":{"start":{"line":12,"column":0},"end":{"line":12,"column":2}},"locations":[{"start":{"line":12,"column":0},"end":{"line":12,"column":2}}]}},"b":{"0":[7],"1":[2],"2":[12],"3":[8],"4":[5],"5":[7],"6":[3],"7":[2],"8":[3]},"fnMap":{"0":{"name":"nameValidate","decl":{"start":{"line":1,"column":56},"end":{"line":7,"column":2}},"loc":{"start":{"line":1,"column":56},"end":{"line":7,"column":2}},"line":1},"1":{"name":"get","decl":{"start":{"line":7,"column":0},"end":{"line":7,"column":2}},"loc":{"start":{"line":7,"column":0},"end":{"line":7,"column":2}},"line":7},"2":{"name":"dateValidate","decl":{"start":{"line":9,"column":28},"end":{"line":12,"column":2}},"loc":{"start":{"line":9,"column":28},"end":{"line":12,"column":2}},"line":9},"3":{"name":"get","decl":{"start":{"line":12,"column":0},"end":{"line":12,"column":2}},"loc":{"start":{"line":12,"column":0},"end":{"line":12,"column":2}},"line":12},"4":{"name":"createImage","decl":{"start":{"line":14,"column":27},"end":{"line":16,"column":2}},"loc":{"start":{"line":14,"column":27},"end":{"line":16,"column":2}},"line":14},"5":{"name":"get","decl":{"start":{"line":16,"column":0},"end":{"line":16,"column":2}},"loc":{"start":{"line":16,"column":0},"end":{"line":16,"column":2}},"line":16}},"f":{"0":7,"1":7,"2":3,"3":3,"4":0,"5":0}}
}
